<?xml version="1.0" encoding="UTF-8"?>
<!-- Generated by org.testng.reporters.JUnitReportReporter -->
<testsuite hostname="IND-MHPDW100323" name="testscripts.PMS_GOS3_E2EScripts" tests="71" failures="0" timestamp="14 Feb 2019 06:42:33 GMT" time="5417.425" errors="40">
  <testcase name="OPT_WOP_Prescription_GOS3_PMS_12_15" time="103.328" classname="testscripts.PMS_GOS3_E2EScripts"/>
  <testcase name="OPT_WOP_Prescription_GOS3_PMS_12_1" time="84.740" classname="testscripts.PMS_GOS3_E2EScripts"/>
  <testcase name="OPT_WOP_Prescription_GOS3_PMS_16_5" time="218.707" classname="testscripts.PMS_GOS3_E2EScripts"/>
  <testcase name="OPT_Prescription_Complex_GOS3_PMS_13" time="101.784" classname="testscripts.PMS_GOS3_E2EScripts">
    <error type="java.lang.Throwable" message="Steps Failed (1)
(1)verify.VerificationError:Expected and Actual values are not matching. expected [true] but found [false]

Failure 1 of 1
verify.VerificationError: Expected and Actual values are not matching. expected [true] but found [false]">
      <![CDATA[java.lang.Throwable: Steps Failed (1)
(1)verify.VerificationError:Expected and Actual values are not matching. expected [true] but found [false]

Failure 1 of 1
verify.VerificationError: Expected and Actual values are not matching. expected [true] but found [false]
	at org.testng.Assert.fail(Assert.java:94)
	at org.testng.Assert.failNotEquals(Assert.java:496)
	at org.testng.Assert.assertTrue(Assert.java:42)
	at verify.Verify.verifyTrue(Verify.java:28)
	at testscripts.PMS_GOS3_E2EScripts.OPT_Prescription_Complex_GOS3_PMS_13(PMS_GOS3_E2EScripts.java:6901)
	at sun.reflect.NativeMethodAccessorImpl.invoke0(Native Method)
	at sun.reflect.NativeMethodAccessorImpl.invoke(NativeMethodAccessorImpl.java:62)
	at sun.reflect.DelegatingMethodAccessorImpl.invoke(DelegatingMethodAccessorImpl.java:43)
	at java.lang.reflect.Method.invoke(Method.java:497)
	at org.testng.internal.MethodInvocationHelper.invokeMethod(MethodInvocationHelper.java:85)
	at org.testng.internal.Invoker.invokeMethod(Invoker.java:639)
	at org.testng.internal.Invoker.invokeTestMethod(Invoker.java:816)
	at org.testng.internal.Invoker.invokeTestMethods(Invoker.java:1124)
	at org.testng.internal.TestMethodWorker.invokeTestMethods(TestMethodWorker.java:125)
	at org.testng.internal.TestMethodWorker.run(TestMethodWorker.java:108)
	at org.testng.TestRunner.privateRun(TestRunner.java:774)
	at org.testng.TestRunner.run(TestRunner.java:624)
	at org.testng.SuiteRunner.runTest(SuiteRunner.java:359)
	at org.testng.SuiteRunner.runSequentially(SuiteRunner.java:354)
	at org.testng.SuiteRunner.privateRun(SuiteRunner.java:312)
	at org.testng.SuiteRunner.run(SuiteRunner.java:261)
	at org.testng.SuiteRunnerWorker.runSuite(SuiteRunnerWorker.java:52)
	at org.testng.SuiteRunnerWorker.run(SuiteRunnerWorker.java:86)
	at org.testng.TestNG.runSuitesSequentially(TestNG.java:1215)
	at org.testng.TestNG.runSuitesLocally(TestNG.java:1140)
	at org.testng.TestNG.run(TestNG.java:1048)
	at org.testng.remote.AbstractRemoteTestNG.run(AbstractRemoteTestNG.java:132)
	at org.testng.remote.RemoteTestNG.initAndRun(RemoteTestNG.java:230)
	at org.testng.remote.RemoteTestNG.main(RemoteTestNG.java:76)
]]>
    </error>
  </testcase> <!-- OPT_Prescription_Complex_GOS3_PMS_13 -->
  <testcase name="OPT_WOP_Prescription_GOS3_PMS_15_2" time="98.776" classname="testscripts.PMS_GOS3_E2EScripts"/>
  <testcase name="OPT_WOP_Prescription_GOS3_PMS_14_3" time="94.814" classname="testscripts.PMS_GOS3_E2EScripts"/>
  <testcase name="OPT_WOP_Prescription_GOS3_PMS_15_1" time="219.865" classname="testscripts.PMS_GOS3_E2EScripts"/>
  <testcase name="OPT_WOP_Prescription_GOS3_PMS_11_8" time="28.472" classname="testscripts.PMS_GOS3_E2EScripts">
    <error type="java.lang.Throwable" message="Steps Failed (1)
(1)verify.VerificationError:The Staging Process is not completed expected [true] but found [false]

Failure 1 of 1
verify.VerificationError: The Staging Process is not completed expected [true] but found [false]">
      <![CDATA[java.lang.Throwable: Steps Failed (1)
(1)verify.VerificationError:The Staging Process is not completed expected [true] but found [false]

Failure 1 of 1
verify.VerificationError: The Staging Process is not completed expected [true] but found [false]
	at org.testng.Assert.fail(Assert.java:94)
	at org.testng.Assert.failNotEquals(Assert.java:496)
	at org.testng.Assert.assertTrue(Assert.java:42)
	at verify.Verify.verifyTrue(Verify.java:28)
	at testscripts.PMS_GOS3_E2EScripts.OPT_WOP_Prescription_GOS3_PMS_11_8(PMS_GOS3_E2EScripts.java:942)
	at sun.reflect.NativeMethodAccessorImpl.invoke0(Native Method)
	at sun.reflect.NativeMethodAccessorImpl.invoke(NativeMethodAccessorImpl.java:62)
	at sun.reflect.DelegatingMethodAccessorImpl.invoke(DelegatingMethodAccessorImpl.java:43)
	at java.lang.reflect.Method.invoke(Method.java:497)
	at org.testng.internal.MethodInvocationHelper.invokeMethod(MethodInvocationHelper.java:85)
	at org.testng.internal.Invoker.invokeMethod(Invoker.java:639)
	at org.testng.internal.Invoker.invokeTestMethod(Invoker.java:816)
	at org.testng.internal.Invoker.invokeTestMethods(Invoker.java:1124)
	at org.testng.internal.TestMethodWorker.invokeTestMethods(TestMethodWorker.java:125)
	at org.testng.internal.TestMethodWorker.run(TestMethodWorker.java:108)
	at org.testng.TestRunner.privateRun(TestRunner.java:774)
	at org.testng.TestRunner.run(TestRunner.java:624)
	at org.testng.SuiteRunner.runTest(SuiteRunner.java:359)
	at org.testng.SuiteRunner.runSequentially(SuiteRunner.java:354)
	at org.testng.SuiteRunner.privateRun(SuiteRunner.java:312)
	at org.testng.SuiteRunner.run(SuiteRunner.java:261)
	at org.testng.SuiteRunnerWorker.runSuite(SuiteRunnerWorker.java:52)
	at org.testng.SuiteRunnerWorker.run(SuiteRunnerWorker.java:86)
	at org.testng.TestNG.runSuitesSequentially(TestNG.java:1215)
	at org.testng.TestNG.runSuitesLocally(TestNG.java:1140)
	at org.testng.TestNG.run(TestNG.java:1048)
	at org.testng.remote.AbstractRemoteTestNG.run(AbstractRemoteTestNG.java:132)
	at org.testng.remote.RemoteTestNG.initAndRun(RemoteTestNG.java:230)
	at org.testng.remote.RemoteTestNG.main(RemoteTestNG.java:76)
]]>
    </error>
  </testcase> <!-- OPT_WOP_Prescription_GOS3_PMS_11_8 -->
  <testcase name="OPT_Prescription_Complex_GOS3_PMS_05" time="67.133" classname="testscripts.PMS_GOS3_E2EScripts">
    <error type="java.lang.Throwable" message="Steps Failed (1)
(1)verify.VerificationError:The Staging Process is not completed expected [true] but found [false]

Failure 1 of 1
verify.VerificationError: The Staging Process is not completed expected [true] but found [false]">
      <![CDATA[java.lang.Throwable: Steps Failed (1)
(1)verify.VerificationError:The Staging Process is not completed expected [true] but found [false]

Failure 1 of 1
verify.VerificationError: The Staging Process is not completed expected [true] but found [false]
	at org.testng.Assert.fail(Assert.java:94)
	at org.testng.Assert.failNotEquals(Assert.java:496)
	at org.testng.Assert.assertTrue(Assert.java:42)
	at verify.Verify.verifyTrue(Verify.java:28)
	at testscripts.PMS_GOS3_E2EScripts.OPT_Prescription_Complex_GOS3_PMS_05(PMS_GOS3_E2EScripts.java:6002)
	at sun.reflect.NativeMethodAccessorImpl.invoke0(Native Method)
	at sun.reflect.NativeMethodAccessorImpl.invoke(NativeMethodAccessorImpl.java:62)
	at sun.reflect.DelegatingMethodAccessorImpl.invoke(DelegatingMethodAccessorImpl.java:43)
	at java.lang.reflect.Method.invoke(Method.java:497)
	at org.testng.internal.MethodInvocationHelper.invokeMethod(MethodInvocationHelper.java:85)
	at org.testng.internal.Invoker.invokeMethod(Invoker.java:639)
	at org.testng.internal.Invoker.invokeTestMethod(Invoker.java:816)
	at org.testng.internal.Invoker.invokeTestMethods(Invoker.java:1124)
	at org.testng.internal.TestMethodWorker.invokeTestMethods(TestMethodWorker.java:125)
	at org.testng.internal.TestMethodWorker.run(TestMethodWorker.java:108)
	at org.testng.TestRunner.privateRun(TestRunner.java:774)
	at org.testng.TestRunner.run(TestRunner.java:624)
	at org.testng.SuiteRunner.runTest(SuiteRunner.java:359)
	at org.testng.SuiteRunner.runSequentially(SuiteRunner.java:354)
	at org.testng.SuiteRunner.privateRun(SuiteRunner.java:312)
	at org.testng.SuiteRunner.run(SuiteRunner.java:261)
	at org.testng.SuiteRunnerWorker.runSuite(SuiteRunnerWorker.java:52)
	at org.testng.SuiteRunnerWorker.run(SuiteRunnerWorker.java:86)
	at org.testng.TestNG.runSuitesSequentially(TestNG.java:1215)
	at org.testng.TestNG.runSuitesLocally(TestNG.java:1140)
	at org.testng.TestNG.run(TestNG.java:1048)
	at org.testng.remote.AbstractRemoteTestNG.run(AbstractRemoteTestNG.java:132)
	at org.testng.remote.RemoteTestNG.initAndRun(RemoteTestNG.java:230)
	at org.testng.remote.RemoteTestNG.main(RemoteTestNG.java:76)
]]>
    </error>
  </testcase> <!-- OPT_Prescription_Complex_GOS3_PMS_05 -->
  <testcase name="OPT_Prescription_Complex_GOS3_PMS_02" time="59.309" classname="testscripts.PMS_GOS3_E2EScripts">
    <error type="java.lang.Throwable" message="Steps Failed (1)
(1)verify.VerificationError:The Staging Process is not completed expected [true] but found [false]

Failure 1 of 1
verify.VerificationError: The Staging Process is not completed expected [true] but found [false]">
      <![CDATA[java.lang.Throwable: Steps Failed (1)
(1)verify.VerificationError:The Staging Process is not completed expected [true] but found [false]

Failure 1 of 1
verify.VerificationError: The Staging Process is not completed expected [true] but found [false]
	at org.testng.Assert.fail(Assert.java:94)
	at org.testng.Assert.failNotEquals(Assert.java:496)
	at org.testng.Assert.assertTrue(Assert.java:42)
	at verify.Verify.verifyTrue(Verify.java:28)
	at testscripts.PMS_GOS3_E2EScripts.OPT_Prescription_Complex_GOS3_PMS_02(PMS_GOS3_E2EScripts.java:5657)
	at sun.reflect.NativeMethodAccessorImpl.invoke0(Native Method)
	at sun.reflect.NativeMethodAccessorImpl.invoke(NativeMethodAccessorImpl.java:62)
	at sun.reflect.DelegatingMethodAccessorImpl.invoke(DelegatingMethodAccessorImpl.java:43)
	at java.lang.reflect.Method.invoke(Method.java:497)
	at org.testng.internal.MethodInvocationHelper.invokeMethod(MethodInvocationHelper.java:85)
	at org.testng.internal.Invoker.invokeMethod(Invoker.java:639)
	at org.testng.internal.Invoker.invokeTestMethod(Invoker.java:816)
	at org.testng.internal.Invoker.invokeTestMethods(Invoker.java:1124)
	at org.testng.internal.TestMethodWorker.invokeTestMethods(TestMethodWorker.java:125)
	at org.testng.internal.TestMethodWorker.run(TestMethodWorker.java:108)
	at org.testng.TestRunner.privateRun(TestRunner.java:774)
	at org.testng.TestRunner.run(TestRunner.java:624)
	at org.testng.SuiteRunner.runTest(SuiteRunner.java:359)
	at org.testng.SuiteRunner.runSequentially(SuiteRunner.java:354)
	at org.testng.SuiteRunner.privateRun(SuiteRunner.java:312)
	at org.testng.SuiteRunner.run(SuiteRunner.java:261)
	at org.testng.SuiteRunnerWorker.runSuite(SuiteRunnerWorker.java:52)
	at org.testng.SuiteRunnerWorker.run(SuiteRunnerWorker.java:86)
	at org.testng.TestNG.runSuitesSequentially(TestNG.java:1215)
	at org.testng.TestNG.runSuitesLocally(TestNG.java:1140)
	at org.testng.TestNG.run(TestNG.java:1048)
	at org.testng.remote.AbstractRemoteTestNG.run(AbstractRemoteTestNG.java:132)
	at org.testng.remote.RemoteTestNG.initAndRun(RemoteTestNG.java:230)
	at org.testng.remote.RemoteTestNG.main(RemoteTestNG.java:76)
]]>
    </error>
  </testcase> <!-- OPT_Prescription_Complex_GOS3_PMS_02 -->
  <testcase name="OPT_WOP_Prescription_GOS3_PMS_12_12" time="221.687" classname="testscripts.PMS_GOS3_E2EScripts"/>
  <testcase name="OPT_Prescription_Complex_GOS3_PMS_17_2" time="101.376" classname="testscripts.PMS_GOS3_E2EScripts">
    <error type="java.lang.Throwable" message="Steps Failed (1)
(1)verify.VerificationError:Expected and Actual values are not matching. expected [true] but found [false]

Failure 1 of 1
verify.VerificationError: Expected and Actual values are not matching. expected [true] but found [false]">
      <![CDATA[java.lang.Throwable: Steps Failed (1)
(1)verify.VerificationError:Expected and Actual values are not matching. expected [true] but found [false]

Failure 1 of 1
verify.VerificationError: Expected and Actual values are not matching. expected [true] but found [false]
	at org.testng.Assert.fail(Assert.java:94)
	at org.testng.Assert.failNotEquals(Assert.java:496)
	at org.testng.Assert.assertTrue(Assert.java:42)
	at verify.Verify.verifyTrue(Verify.java:28)
	at testscripts.PMS_GOS3_E2EScripts.OPT_Prescription_Complex_GOS3_PMS_17_2(PMS_GOS3_E2EScripts.java:7361)
	at sun.reflect.NativeMethodAccessorImpl.invoke0(Native Method)
	at sun.reflect.NativeMethodAccessorImpl.invoke(NativeMethodAccessorImpl.java:62)
	at sun.reflect.DelegatingMethodAccessorImpl.invoke(DelegatingMethodAccessorImpl.java:43)
	at java.lang.reflect.Method.invoke(Method.java:497)
	at org.testng.internal.MethodInvocationHelper.invokeMethod(MethodInvocationHelper.java:85)
	at org.testng.internal.Invoker.invokeMethod(Invoker.java:639)
	at org.testng.internal.Invoker.invokeTestMethod(Invoker.java:816)
	at org.testng.internal.Invoker.invokeTestMethods(Invoker.java:1124)
	at org.testng.internal.TestMethodWorker.invokeTestMethods(TestMethodWorker.java:125)
	at org.testng.internal.TestMethodWorker.run(TestMethodWorker.java:108)
	at org.testng.TestRunner.privateRun(TestRunner.java:774)
	at org.testng.TestRunner.run(TestRunner.java:624)
	at org.testng.SuiteRunner.runTest(SuiteRunner.java:359)
	at org.testng.SuiteRunner.runSequentially(SuiteRunner.java:354)
	at org.testng.SuiteRunner.privateRun(SuiteRunner.java:312)
	at org.testng.SuiteRunner.run(SuiteRunner.java:261)
	at org.testng.SuiteRunnerWorker.runSuite(SuiteRunnerWorker.java:52)
	at org.testng.SuiteRunnerWorker.run(SuiteRunnerWorker.java:86)
	at org.testng.TestNG.runSuitesSequentially(TestNG.java:1215)
	at org.testng.TestNG.runSuitesLocally(TestNG.java:1140)
	at org.testng.TestNG.run(TestNG.java:1048)
	at org.testng.remote.AbstractRemoteTestNG.run(AbstractRemoteTestNG.java:132)
	at org.testng.remote.RemoteTestNG.initAndRun(RemoteTestNG.java:230)
	at org.testng.remote.RemoteTestNG.main(RemoteTestNG.java:76)
]]>
    </error>
  </testcase> <!-- OPT_Prescription_Complex_GOS3_PMS_17_2 -->
  <testcase name="OPT_WOP_Prescription_GOS3_PMS_14_2" time="75.088" classname="testscripts.PMS_GOS3_E2EScripts"/>
  <testcase name="OPT_Prescription_Complex_GOS3_PMS_09" time="52.576" classname="testscripts.PMS_GOS3_E2EScripts">
    <error type="java.lang.Throwable" message="Steps Failed (1)
(1)verify.VerificationError:The Staging Process is not completed expected [true] but found [false]

Failure 1 of 1
verify.VerificationError: The Staging Process is not completed expected [true] but found [false]">
      <![CDATA[java.lang.Throwable: Steps Failed (1)
(1)verify.VerificationError:The Staging Process is not completed expected [true] but found [false]

Failure 1 of 1
verify.VerificationError: The Staging Process is not completed expected [true] but found [false]
	at org.testng.Assert.fail(Assert.java:94)
	at org.testng.Assert.failNotEquals(Assert.java:496)
	at org.testng.Assert.assertTrue(Assert.java:42)
	at verify.Verify.verifyTrue(Verify.java:28)
	at testscripts.PMS_GOS3_E2EScripts.OPT_Prescription_Complex_GOS3_PMS_09(PMS_GOS3_E2EScripts.java:6462)
	at sun.reflect.NativeMethodAccessorImpl.invoke0(Native Method)
	at sun.reflect.NativeMethodAccessorImpl.invoke(NativeMethodAccessorImpl.java:62)
	at sun.reflect.DelegatingMethodAccessorImpl.invoke(DelegatingMethodAccessorImpl.java:43)
	at java.lang.reflect.Method.invoke(Method.java:497)
	at org.testng.internal.MethodInvocationHelper.invokeMethod(MethodInvocationHelper.java:85)
	at org.testng.internal.Invoker.invokeMethod(Invoker.java:639)
	at org.testng.internal.Invoker.invokeTestMethod(Invoker.java:816)
	at org.testng.internal.Invoker.invokeTestMethods(Invoker.java:1124)
	at org.testng.internal.TestMethodWorker.invokeTestMethods(TestMethodWorker.java:125)
	at org.testng.internal.TestMethodWorker.run(TestMethodWorker.java:108)
	at org.testng.TestRunner.privateRun(TestRunner.java:774)
	at org.testng.TestRunner.run(TestRunner.java:624)
	at org.testng.SuiteRunner.runTest(SuiteRunner.java:359)
	at org.testng.SuiteRunner.runSequentially(SuiteRunner.java:354)
	at org.testng.SuiteRunner.privateRun(SuiteRunner.java:312)
	at org.testng.SuiteRunner.run(SuiteRunner.java:261)
	at org.testng.SuiteRunnerWorker.runSuite(SuiteRunnerWorker.java:52)
	at org.testng.SuiteRunnerWorker.run(SuiteRunnerWorker.java:86)
	at org.testng.TestNG.runSuitesSequentially(TestNG.java:1215)
	at org.testng.TestNG.runSuitesLocally(TestNG.java:1140)
	at org.testng.TestNG.run(TestNG.java:1048)
	at org.testng.remote.AbstractRemoteTestNG.run(AbstractRemoteTestNG.java:132)
	at org.testng.remote.RemoteTestNG.initAndRun(RemoteTestNG.java:230)
	at org.testng.remote.RemoteTestNG.main(RemoteTestNG.java:76)
]]>
    </error>
  </testcase> <!-- OPT_Prescription_Complex_GOS3_PMS_09 -->
  <testcase name="OPT_WOP_Prescription_GOS3_PMS_11_5" time="96.670" classname="testscripts.PMS_GOS3_E2EScripts"/>
  <testcase name="OPT_Prescription_Complex_GOS3_PMS_14" time="103.994" classname="testscripts.PMS_GOS3_E2EScripts">
    <error type="java.lang.Throwable" message="Steps Failed (1)
(1)verify.VerificationError:Expected and Actual values are not matching. expected [true] but found [false]

Failure 1 of 1
verify.VerificationError: Expected and Actual values are not matching. expected [true] but found [false]">
      <![CDATA[java.lang.Throwable: Steps Failed (1)
(1)verify.VerificationError:Expected and Actual values are not matching. expected [true] but found [false]

Failure 1 of 1
verify.VerificationError: Expected and Actual values are not matching. expected [true] but found [false]
	at org.testng.Assert.fail(Assert.java:94)
	at org.testng.Assert.failNotEquals(Assert.java:496)
	at org.testng.Assert.assertTrue(Assert.java:42)
	at verify.Verify.verifyTrue(Verify.java:28)
	at testscripts.PMS_GOS3_E2EScripts.OPT_Prescription_Complex_GOS3_PMS_14(PMS_GOS3_E2EScripts.java:7016)
	at sun.reflect.NativeMethodAccessorImpl.invoke0(Native Method)
	at sun.reflect.NativeMethodAccessorImpl.invoke(NativeMethodAccessorImpl.java:62)
	at sun.reflect.DelegatingMethodAccessorImpl.invoke(DelegatingMethodAccessorImpl.java:43)
	at java.lang.reflect.Method.invoke(Method.java:497)
	at org.testng.internal.MethodInvocationHelper.invokeMethod(MethodInvocationHelper.java:85)
	at org.testng.internal.Invoker.invokeMethod(Invoker.java:639)
	at org.testng.internal.Invoker.invokeTestMethod(Invoker.java:816)
	at org.testng.internal.Invoker.invokeTestMethods(Invoker.java:1124)
	at org.testng.internal.TestMethodWorker.invokeTestMethods(TestMethodWorker.java:125)
	at org.testng.internal.TestMethodWorker.run(TestMethodWorker.java:108)
	at org.testng.TestRunner.privateRun(TestRunner.java:774)
	at org.testng.TestRunner.run(TestRunner.java:624)
	at org.testng.SuiteRunner.runTest(SuiteRunner.java:359)
	at org.testng.SuiteRunner.runSequentially(SuiteRunner.java:354)
	at org.testng.SuiteRunner.privateRun(SuiteRunner.java:312)
	at org.testng.SuiteRunner.run(SuiteRunner.java:261)
	at org.testng.SuiteRunnerWorker.runSuite(SuiteRunnerWorker.java:52)
	at org.testng.SuiteRunnerWorker.run(SuiteRunnerWorker.java:86)
	at org.testng.TestNG.runSuitesSequentially(TestNG.java:1215)
	at org.testng.TestNG.runSuitesLocally(TestNG.java:1140)
	at org.testng.TestNG.run(TestNG.java:1048)
	at org.testng.remote.AbstractRemoteTestNG.run(AbstractRemoteTestNG.java:132)
	at org.testng.remote.RemoteTestNG.initAndRun(RemoteTestNG.java:230)
	at org.testng.remote.RemoteTestNG.main(RemoteTestNG.java:76)
]]>
    </error>
  </testcase> <!-- OPT_Prescription_Complex_GOS3_PMS_14 -->
  <testcase name="OPT_WOP_Prescription_GOS3_PMS_13_1" time="97.779" classname="testscripts.PMS_GOS3_E2EScripts">
    <error type="java.lang.Throwable" message="Steps Failed (1)
(1)verify.VerificationError:Expected and Actual values are not matching. expected [true] but found [false]

Failure 1 of 1
verify.VerificationError: Expected and Actual values are not matching. expected [true] but found [false]">
      <![CDATA[java.lang.Throwable: Steps Failed (1)
(1)verify.VerificationError:Expected and Actual values are not matching. expected [true] but found [false]

Failure 1 of 1
verify.VerificationError: Expected and Actual values are not matching. expected [true] but found [false]
	at org.testng.Assert.fail(Assert.java:94)
	at org.testng.Assert.failNotEquals(Assert.java:496)
	at org.testng.Assert.assertTrue(Assert.java:42)
	at verify.Verify.verifyTrue(Verify.java:28)
	at testscripts.PMS_GOS3_E2EScripts.OPT_WOP_Prescription_GOS3_PMS_13_1(PMS_GOS3_E2EScripts.java:3221)
	at sun.reflect.NativeMethodAccessorImpl.invoke0(Native Method)
	at sun.reflect.NativeMethodAccessorImpl.invoke(NativeMethodAccessorImpl.java:62)
	at sun.reflect.DelegatingMethodAccessorImpl.invoke(DelegatingMethodAccessorImpl.java:43)
	at java.lang.reflect.Method.invoke(Method.java:497)
	at org.testng.internal.MethodInvocationHelper.invokeMethod(MethodInvocationHelper.java:85)
	at org.testng.internal.Invoker.invokeMethod(Invoker.java:639)
	at org.testng.internal.Invoker.invokeTestMethod(Invoker.java:816)
	at org.testng.internal.Invoker.invokeTestMethods(Invoker.java:1124)
	at org.testng.internal.TestMethodWorker.invokeTestMethods(TestMethodWorker.java:125)
	at org.testng.internal.TestMethodWorker.run(TestMethodWorker.java:108)
	at org.testng.TestRunner.privateRun(TestRunner.java:774)
	at org.testng.TestRunner.run(TestRunner.java:624)
	at org.testng.SuiteRunner.runTest(SuiteRunner.java:359)
	at org.testng.SuiteRunner.runSequentially(SuiteRunner.java:354)
	at org.testng.SuiteRunner.privateRun(SuiteRunner.java:312)
	at org.testng.SuiteRunner.run(SuiteRunner.java:261)
	at org.testng.SuiteRunnerWorker.runSuite(SuiteRunnerWorker.java:52)
	at org.testng.SuiteRunnerWorker.run(SuiteRunnerWorker.java:86)
	at org.testng.TestNG.runSuitesSequentially(TestNG.java:1215)
	at org.testng.TestNG.runSuitesLocally(TestNG.java:1140)
	at org.testng.TestNG.run(TestNG.java:1048)
	at org.testng.remote.AbstractRemoteTestNG.run(AbstractRemoteTestNG.java:132)
	at org.testng.remote.RemoteTestNG.initAndRun(RemoteTestNG.java:230)
	at org.testng.remote.RemoteTestNG.main(RemoteTestNG.java:76)
]]>
    </error>
  </testcase> <!-- OPT_WOP_Prescription_GOS3_PMS_13_1 -->
  <testcase name="OPT_WOP_Prescription_GOS3_PMS_12_9" time="99.165" classname="testscripts.PMS_GOS3_E2EScripts"/>
  <testcase name="OPT_WOP_Prescription_GOS3_PMS_11_4" time="103.493" classname="testscripts.PMS_GOS3_E2EScripts"/>
  <testcase name="OPT_Prescription_Complex_GOS3_PMS_10" time="51.535" classname="testscripts.PMS_GOS3_E2EScripts">
    <error type="java.lang.Throwable" message="Steps Failed (1)
(1)verify.VerificationError:The Staging Process is not completed expected [true] but found [false]

Failure 1 of 1
verify.VerificationError: The Staging Process is not completed expected [true] but found [false]">
      <![CDATA[java.lang.Throwable: Steps Failed (1)
(1)verify.VerificationError:The Staging Process is not completed expected [true] but found [false]

Failure 1 of 1
verify.VerificationError: The Staging Process is not completed expected [true] but found [false]
	at org.testng.Assert.fail(Assert.java:94)
	at org.testng.Assert.failNotEquals(Assert.java:496)
	at org.testng.Assert.assertTrue(Assert.java:42)
	at verify.Verify.verifyTrue(Verify.java:28)
	at testscripts.PMS_GOS3_E2EScripts.OPT_Prescription_Complex_GOS3_PMS_10(PMS_GOS3_E2EScripts.java:6577)
	at sun.reflect.NativeMethodAccessorImpl.invoke0(Native Method)
	at sun.reflect.NativeMethodAccessorImpl.invoke(NativeMethodAccessorImpl.java:62)
	at sun.reflect.DelegatingMethodAccessorImpl.invoke(DelegatingMethodAccessorImpl.java:43)
	at java.lang.reflect.Method.invoke(Method.java:497)
	at org.testng.internal.MethodInvocationHelper.invokeMethod(MethodInvocationHelper.java:85)
	at org.testng.internal.Invoker.invokeMethod(Invoker.java:639)
	at org.testng.internal.Invoker.invokeTestMethod(Invoker.java:816)
	at org.testng.internal.Invoker.invokeTestMethods(Invoker.java:1124)
	at org.testng.internal.TestMethodWorker.invokeTestMethods(TestMethodWorker.java:125)
	at org.testng.internal.TestMethodWorker.run(TestMethodWorker.java:108)
	at org.testng.TestRunner.privateRun(TestRunner.java:774)
	at org.testng.TestRunner.run(TestRunner.java:624)
	at org.testng.SuiteRunner.runTest(SuiteRunner.java:359)
	at org.testng.SuiteRunner.runSequentially(SuiteRunner.java:354)
	at org.testng.SuiteRunner.privateRun(SuiteRunner.java:312)
	at org.testng.SuiteRunner.run(SuiteRunner.java:261)
	at org.testng.SuiteRunnerWorker.runSuite(SuiteRunnerWorker.java:52)
	at org.testng.SuiteRunnerWorker.run(SuiteRunnerWorker.java:86)
	at org.testng.TestNG.runSuitesSequentially(TestNG.java:1215)
	at org.testng.TestNG.runSuitesLocally(TestNG.java:1140)
	at org.testng.TestNG.run(TestNG.java:1048)
	at org.testng.remote.AbstractRemoteTestNG.run(AbstractRemoteTestNG.java:132)
	at org.testng.remote.RemoteTestNG.initAndRun(RemoteTestNG.java:230)
	at org.testng.remote.RemoteTestNG.main(RemoteTestNG.java:76)
]]>
    </error>
  </testcase> <!-- OPT_Prescription_Complex_GOS3_PMS_10 -->
  <testcase name="OPT_WOP_Prescription_GOS3_PMS_16_8" time="96.926" classname="testscripts.PMS_GOS3_E2EScripts"/>
  <testcase name="OPT_Prescription_Complex_GOS3_PMS_07" time="24.654" classname="testscripts.PMS_GOS3_E2EScripts">
    <error type="java.lang.Throwable" message="Steps Failed (1)
(1)verify.VerificationError:The Staging Process is not completed expected [true] but found [false]

Failure 1 of 1
verify.VerificationError: The Staging Process is not completed expected [true] but found [false]">
      <![CDATA[java.lang.Throwable: Steps Failed (1)
(1)verify.VerificationError:The Staging Process is not completed expected [true] but found [false]

Failure 1 of 1
verify.VerificationError: The Staging Process is not completed expected [true] but found [false]
	at org.testng.Assert.fail(Assert.java:94)
	at org.testng.Assert.failNotEquals(Assert.java:496)
	at org.testng.Assert.assertTrue(Assert.java:42)
	at verify.Verify.verifyTrue(Verify.java:28)
	at testscripts.PMS_GOS3_E2EScripts.OPT_Prescription_Complex_GOS3_PMS_07(PMS_GOS3_E2EScripts.java:6232)
	at sun.reflect.NativeMethodAccessorImpl.invoke0(Native Method)
	at sun.reflect.NativeMethodAccessorImpl.invoke(NativeMethodAccessorImpl.java:62)
	at sun.reflect.DelegatingMethodAccessorImpl.invoke(DelegatingMethodAccessorImpl.java:43)
	at java.lang.reflect.Method.invoke(Method.java:497)
	at org.testng.internal.MethodInvocationHelper.invokeMethod(MethodInvocationHelper.java:85)
	at org.testng.internal.Invoker.invokeMethod(Invoker.java:639)
	at org.testng.internal.Invoker.invokeTestMethod(Invoker.java:816)
	at org.testng.internal.Invoker.invokeTestMethods(Invoker.java:1124)
	at org.testng.internal.TestMethodWorker.invokeTestMethods(TestMethodWorker.java:125)
	at org.testng.internal.TestMethodWorker.run(TestMethodWorker.java:108)
	at org.testng.TestRunner.privateRun(TestRunner.java:774)
	at org.testng.TestRunner.run(TestRunner.java:624)
	at org.testng.SuiteRunner.runTest(SuiteRunner.java:359)
	at org.testng.SuiteRunner.runSequentially(SuiteRunner.java:354)
	at org.testng.SuiteRunner.privateRun(SuiteRunner.java:312)
	at org.testng.SuiteRunner.run(SuiteRunner.java:261)
	at org.testng.SuiteRunnerWorker.runSuite(SuiteRunnerWorker.java:52)
	at org.testng.SuiteRunnerWorker.run(SuiteRunnerWorker.java:86)
	at org.testng.TestNG.runSuitesSequentially(TestNG.java:1215)
	at org.testng.TestNG.runSuitesLocally(TestNG.java:1140)
	at org.testng.TestNG.run(TestNG.java:1048)
	at org.testng.remote.AbstractRemoteTestNG.run(AbstractRemoteTestNG.java:132)
	at org.testng.remote.RemoteTestNG.initAndRun(RemoteTestNG.java:230)
	at org.testng.remote.RemoteTestNG.main(RemoteTestNG.java:76)
]]>
    </error>
  </testcase> <!-- OPT_Prescription_Complex_GOS3_PMS_07 -->
  <testcase name="OPT_Prescription_Complex_GOS3_PMS_24" time="28.321" classname="testscripts.PMS_GOS3_E2EScripts">
    <error type="java.lang.Throwable" message="Steps Failed (1)
(1)verify.VerificationError:The Staging Process is not completed expected [true] but found [false]

Failure 1 of 1
verify.VerificationError: The Staging Process is not completed expected [true] but found [false]">
      <![CDATA[java.lang.Throwable: Steps Failed (1)
(1)verify.VerificationError:The Staging Process is not completed expected [true] but found [false]

Failure 1 of 1
verify.VerificationError: The Staging Process is not completed expected [true] but found [false]
	at org.testng.Assert.fail(Assert.java:94)
	at org.testng.Assert.failNotEquals(Assert.java:496)
	at org.testng.Assert.assertTrue(Assert.java:42)
	at verify.Verify.verifyTrue(Verify.java:28)
	at testscripts.PMS_GOS3_E2EScripts.OPT_Prescription_Complex_GOS3_PMS_24(PMS_GOS3_E2EScripts.java:8187)
	at sun.reflect.NativeMethodAccessorImpl.invoke0(Native Method)
	at sun.reflect.NativeMethodAccessorImpl.invoke(NativeMethodAccessorImpl.java:62)
	at sun.reflect.DelegatingMethodAccessorImpl.invoke(DelegatingMethodAccessorImpl.java:43)
	at java.lang.reflect.Method.invoke(Method.java:497)
	at org.testng.internal.MethodInvocationHelper.invokeMethod(MethodInvocationHelper.java:85)
	at org.testng.internal.Invoker.invokeMethod(Invoker.java:639)
	at org.testng.internal.Invoker.invokeTestMethod(Invoker.java:816)
	at org.testng.internal.Invoker.invokeTestMethods(Invoker.java:1124)
	at org.testng.internal.TestMethodWorker.invokeTestMethods(TestMethodWorker.java:125)
	at org.testng.internal.TestMethodWorker.run(TestMethodWorker.java:108)
	at org.testng.TestRunner.privateRun(TestRunner.java:774)
	at org.testng.TestRunner.run(TestRunner.java:624)
	at org.testng.SuiteRunner.runTest(SuiteRunner.java:359)
	at org.testng.SuiteRunner.runSequentially(SuiteRunner.java:354)
	at org.testng.SuiteRunner.privateRun(SuiteRunner.java:312)
	at org.testng.SuiteRunner.run(SuiteRunner.java:261)
	at org.testng.SuiteRunnerWorker.runSuite(SuiteRunnerWorker.java:52)
	at org.testng.SuiteRunnerWorker.run(SuiteRunnerWorker.java:86)
	at org.testng.TestNG.runSuitesSequentially(TestNG.java:1215)
	at org.testng.TestNG.runSuitesLocally(TestNG.java:1140)
	at org.testng.TestNG.run(TestNG.java:1048)
	at org.testng.remote.AbstractRemoteTestNG.run(AbstractRemoteTestNG.java:132)
	at org.testng.remote.RemoteTestNG.initAndRun(RemoteTestNG.java:230)
	at org.testng.remote.RemoteTestNG.main(RemoteTestNG.java:76)
]]>
    </error>
  </testcase> <!-- OPT_Prescription_Complex_GOS3_PMS_24 -->
  <testcase name="OPT_WOP_Prescription_GOS3_PMS_16_3" time="98.874" classname="testscripts.PMS_GOS3_E2EScripts"/>
  <testcase name="OPT_Prescription_Complex_GOS3_PMS_04" time="24.888" classname="testscripts.PMS_GOS3_E2EScripts">
    <error type="java.lang.Throwable" message="Steps Failed (1)
(1)verify.VerificationError:The Staging Process is not completed expected [true] but found [false]

Failure 1 of 1
verify.VerificationError: The Staging Process is not completed expected [true] but found [false]">
      <![CDATA[java.lang.Throwable: Steps Failed (1)
(1)verify.VerificationError:The Staging Process is not completed expected [true] but found [false]

Failure 1 of 1
verify.VerificationError: The Staging Process is not completed expected [true] but found [false]
	at org.testng.Assert.fail(Assert.java:94)
	at org.testng.Assert.failNotEquals(Assert.java:496)
	at org.testng.Assert.assertTrue(Assert.java:42)
	at verify.Verify.verifyTrue(Verify.java:28)
	at testscripts.PMS_GOS3_E2EScripts.OPT_Prescription_Complex_GOS3_PMS_04(PMS_GOS3_E2EScripts.java:5887)
	at sun.reflect.NativeMethodAccessorImpl.invoke0(Native Method)
	at sun.reflect.NativeMethodAccessorImpl.invoke(NativeMethodAccessorImpl.java:62)
	at sun.reflect.DelegatingMethodAccessorImpl.invoke(DelegatingMethodAccessorImpl.java:43)
	at java.lang.reflect.Method.invoke(Method.java:497)
	at org.testng.internal.MethodInvocationHelper.invokeMethod(MethodInvocationHelper.java:85)
	at org.testng.internal.Invoker.invokeMethod(Invoker.java:639)
	at org.testng.internal.Invoker.invokeTestMethod(Invoker.java:816)
	at org.testng.internal.Invoker.invokeTestMethods(Invoker.java:1124)
	at org.testng.internal.TestMethodWorker.invokeTestMethods(TestMethodWorker.java:125)
	at org.testng.internal.TestMethodWorker.run(TestMethodWorker.java:108)
	at org.testng.TestRunner.privateRun(TestRunner.java:774)
	at org.testng.TestRunner.run(TestRunner.java:624)
	at org.testng.SuiteRunner.runTest(SuiteRunner.java:359)
	at org.testng.SuiteRunner.runSequentially(SuiteRunner.java:354)
	at org.testng.SuiteRunner.privateRun(SuiteRunner.java:312)
	at org.testng.SuiteRunner.run(SuiteRunner.java:261)
	at org.testng.SuiteRunnerWorker.runSuite(SuiteRunnerWorker.java:52)
	at org.testng.SuiteRunnerWorker.run(SuiteRunnerWorker.java:86)
	at org.testng.TestNG.runSuitesSequentially(TestNG.java:1215)
	at org.testng.TestNG.runSuitesLocally(TestNG.java:1140)
	at org.testng.TestNG.run(TestNG.java:1048)
	at org.testng.remote.AbstractRemoteTestNG.run(AbstractRemoteTestNG.java:132)
	at org.testng.remote.RemoteTestNG.initAndRun(RemoteTestNG.java:230)
	at org.testng.remote.RemoteTestNG.main(RemoteTestNG.java:76)
]]>
    </error>
  </testcase> <!-- OPT_Prescription_Complex_GOS3_PMS_04 -->
  <testcase name="OPT_Prescription_Complex_GOS3_PMS_23" time="29.562" classname="testscripts.PMS_GOS3_E2EScripts">
    <error type="java.lang.Throwable" message="Steps Failed (1)
(1)verify.VerificationError:The Staging Process is not completed expected [true] but found [false]

Failure 1 of 1
verify.VerificationError: The Staging Process is not completed expected [true] but found [false]">
      <![CDATA[java.lang.Throwable: Steps Failed (1)
(1)verify.VerificationError:The Staging Process is not completed expected [true] but found [false]

Failure 1 of 1
verify.VerificationError: The Staging Process is not completed expected [true] but found [false]
	at org.testng.Assert.fail(Assert.java:94)
	at org.testng.Assert.failNotEquals(Assert.java:496)
	at org.testng.Assert.assertTrue(Assert.java:42)
	at verify.Verify.verifyTrue(Verify.java:28)
	at testscripts.PMS_GOS3_E2EScripts.OPT_Prescription_Complex_GOS3_PMS_23(PMS_GOS3_E2EScripts.java:8072)
	at sun.reflect.NativeMethodAccessorImpl.invoke0(Native Method)
	at sun.reflect.NativeMethodAccessorImpl.invoke(NativeMethodAccessorImpl.java:62)
	at sun.reflect.DelegatingMethodAccessorImpl.invoke(DelegatingMethodAccessorImpl.java:43)
	at java.lang.reflect.Method.invoke(Method.java:497)
	at org.testng.internal.MethodInvocationHelper.invokeMethod(MethodInvocationHelper.java:85)
	at org.testng.internal.Invoker.invokeMethod(Invoker.java:639)
	at org.testng.internal.Invoker.invokeTestMethod(Invoker.java:816)
	at org.testng.internal.Invoker.invokeTestMethods(Invoker.java:1124)
	at org.testng.internal.TestMethodWorker.invokeTestMethods(TestMethodWorker.java:125)
	at org.testng.internal.TestMethodWorker.run(TestMethodWorker.java:108)
	at org.testng.TestRunner.privateRun(TestRunner.java:774)
	at org.testng.TestRunner.run(TestRunner.java:624)
	at org.testng.SuiteRunner.runTest(SuiteRunner.java:359)
	at org.testng.SuiteRunner.runSequentially(SuiteRunner.java:354)
	at org.testng.SuiteRunner.privateRun(SuiteRunner.java:312)
	at org.testng.SuiteRunner.run(SuiteRunner.java:261)
	at org.testng.SuiteRunnerWorker.runSuite(SuiteRunnerWorker.java:52)
	at org.testng.SuiteRunnerWorker.run(SuiteRunnerWorker.java:86)
	at org.testng.TestNG.runSuitesSequentially(TestNG.java:1215)
	at org.testng.TestNG.runSuitesLocally(TestNG.java:1140)
	at org.testng.TestNG.run(TestNG.java:1048)
	at org.testng.remote.AbstractRemoteTestNG.run(AbstractRemoteTestNG.java:132)
	at org.testng.remote.RemoteTestNG.initAndRun(RemoteTestNG.java:230)
	at org.testng.remote.RemoteTestNG.main(RemoteTestNG.java:76)
]]>
    </error>
  </testcase> <!-- OPT_Prescription_Complex_GOS3_PMS_23 -->
  <testcase name="OPT_Prescription_Complex_GOS3_PMS_19" time="27.393" classname="testscripts.PMS_GOS3_E2EScripts">
    <error type="java.lang.Throwable" message="Steps Failed (1)
(1)verify.VerificationError:The Staging Process is not completed expected [true] but found [false]

Failure 1 of 1
verify.VerificationError: The Staging Process is not completed expected [true] but found [false]">
      <![CDATA[java.lang.Throwable: Steps Failed (1)
(1)verify.VerificationError:The Staging Process is not completed expected [true] but found [false]

Failure 1 of 1
verify.VerificationError: The Staging Process is not completed expected [true] but found [false]
	at org.testng.Assert.fail(Assert.java:94)
	at org.testng.Assert.failNotEquals(Assert.java:496)
	at org.testng.Assert.assertTrue(Assert.java:42)
	at verify.Verify.verifyTrue(Verify.java:28)
	at testscripts.PMS_GOS3_E2EScripts.OPT_Prescription_Complex_GOS3_PMS_19(PMS_GOS3_E2EScripts.java:7612)
	at sun.reflect.NativeMethodAccessorImpl.invoke0(Native Method)
	at sun.reflect.NativeMethodAccessorImpl.invoke(NativeMethodAccessorImpl.java:62)
	at sun.reflect.DelegatingMethodAccessorImpl.invoke(DelegatingMethodAccessorImpl.java:43)
	at java.lang.reflect.Method.invoke(Method.java:497)
	at org.testng.internal.MethodInvocationHelper.invokeMethod(MethodInvocationHelper.java:85)
	at org.testng.internal.Invoker.invokeMethod(Invoker.java:639)
	at org.testng.internal.Invoker.invokeTestMethod(Invoker.java:816)
	at org.testng.internal.Invoker.invokeTestMethods(Invoker.java:1124)
	at org.testng.internal.TestMethodWorker.invokeTestMethods(TestMethodWorker.java:125)
	at org.testng.internal.TestMethodWorker.run(TestMethodWorker.java:108)
	at org.testng.TestRunner.privateRun(TestRunner.java:774)
	at org.testng.TestRunner.run(TestRunner.java:624)
	at org.testng.SuiteRunner.runTest(SuiteRunner.java:359)
	at org.testng.SuiteRunner.runSequentially(SuiteRunner.java:354)
	at org.testng.SuiteRunner.privateRun(SuiteRunner.java:312)
	at org.testng.SuiteRunner.run(SuiteRunner.java:261)
	at org.testng.SuiteRunnerWorker.runSuite(SuiteRunnerWorker.java:52)
	at org.testng.SuiteRunnerWorker.run(SuiteRunnerWorker.java:86)
	at org.testng.TestNG.runSuitesSequentially(TestNG.java:1215)
	at org.testng.TestNG.runSuitesLocally(TestNG.java:1140)
	at org.testng.TestNG.run(TestNG.java:1048)
	at org.testng.remote.AbstractRemoteTestNG.run(AbstractRemoteTestNG.java:132)
	at org.testng.remote.RemoteTestNG.initAndRun(RemoteTestNG.java:230)
	at org.testng.remote.RemoteTestNG.main(RemoteTestNG.java:76)
]]>
    </error>
  </testcase> <!-- OPT_Prescription_Complex_GOS3_PMS_19 -->
  <testcase name="OPT_WOP_Prescription_GOS3_PMS_16_6" time="99.269" classname="testscripts.PMS_GOS3_E2EScripts"/>
  <testcase name="OPT_WOP_Prescription_GOS3_PMS_12_5" time="31.955" classname="testscripts.PMS_GOS3_E2EScripts">
    <error type="java.lang.Throwable" message="Steps Failed (1)
(1)verify.VerificationError:The Staging Process is not completed expected [true] but found [false]

Failure 1 of 1
verify.VerificationError: The Staging Process is not completed expected [true] but found [false]">
      <![CDATA[java.lang.Throwable: Steps Failed (1)
(1)verify.VerificationError:The Staging Process is not completed expected [true] but found [false]

Failure 1 of 1
verify.VerificationError: The Staging Process is not completed expected [true] but found [false]
	at org.testng.Assert.fail(Assert.java:94)
	at org.testng.Assert.failNotEquals(Assert.java:496)
	at org.testng.Assert.assertTrue(Assert.java:42)
	at verify.Verify.verifyTrue(Verify.java:28)
	at testscripts.PMS_GOS3_E2EScripts.OPT_WOP_Prescription_GOS3_PMS_12_5(PMS_GOS3_E2EScripts.java:1862)
	at sun.reflect.NativeMethodAccessorImpl.invoke0(Native Method)
	at sun.reflect.NativeMethodAccessorImpl.invoke(NativeMethodAccessorImpl.java:62)
	at sun.reflect.DelegatingMethodAccessorImpl.invoke(DelegatingMethodAccessorImpl.java:43)
	at java.lang.reflect.Method.invoke(Method.java:497)
	at org.testng.internal.MethodInvocationHelper.invokeMethod(MethodInvocationHelper.java:85)
	at org.testng.internal.Invoker.invokeMethod(Invoker.java:639)
	at org.testng.internal.Invoker.invokeTestMethod(Invoker.java:816)
	at org.testng.internal.Invoker.invokeTestMethods(Invoker.java:1124)
	at org.testng.internal.TestMethodWorker.invokeTestMethods(TestMethodWorker.java:125)
	at org.testng.internal.TestMethodWorker.run(TestMethodWorker.java:108)
	at org.testng.TestRunner.privateRun(TestRunner.java:774)
	at org.testng.TestRunner.run(TestRunner.java:624)
	at org.testng.SuiteRunner.runTest(SuiteRunner.java:359)
	at org.testng.SuiteRunner.runSequentially(SuiteRunner.java:354)
	at org.testng.SuiteRunner.privateRun(SuiteRunner.java:312)
	at org.testng.SuiteRunner.run(SuiteRunner.java:261)
	at org.testng.SuiteRunnerWorker.runSuite(SuiteRunnerWorker.java:52)
	at org.testng.SuiteRunnerWorker.run(SuiteRunnerWorker.java:86)
	at org.testng.TestNG.runSuitesSequentially(TestNG.java:1215)
	at org.testng.TestNG.runSuitesLocally(TestNG.java:1140)
	at org.testng.TestNG.run(TestNG.java:1048)
	at org.testng.remote.AbstractRemoteTestNG.run(AbstractRemoteTestNG.java:132)
	at org.testng.remote.RemoteTestNG.initAndRun(RemoteTestNG.java:230)
	at org.testng.remote.RemoteTestNG.main(RemoteTestNG.java:76)
]]>
    </error>
  </testcase> <!-- OPT_WOP_Prescription_GOS3_PMS_12_5 -->
  <testcase name="OPT_WOP_Prescription_GOS3_PMS_11_1" time="92.909" classname="testscripts.PMS_GOS3_E2EScripts"/>
  <testcase name="OPT_WOP_Prescription_GOS3_PMS_11_3" time="91.878" classname="testscripts.PMS_GOS3_E2EScripts"/>
  <testcase name="OPT_WOP_Prescription_GOS3_PMS_14_1" time="93.688" classname="testscripts.PMS_GOS3_E2EScripts"/>
  <testcase name="OPT_WOP_Prescription_GOS3_PMS_16_2" time="82.362" classname="testscripts.PMS_GOS3_E2EScripts"/>
  <testcase name="OPT_Prescription_Complex_GOS3_PMS_01" time="82.866" classname="testscripts.PMS_GOS3_E2EScripts">
    <error type="java.lang.Throwable" message="Steps Failed (1)
(1)verify.VerificationError:The Staging Process is not completed expected [true] but found [false]

Failure 1 of 1
verify.VerificationError: The Staging Process is not completed expected [true] but found [false]">
      <![CDATA[java.lang.Throwable: Steps Failed (1)
(1)verify.VerificationError:The Staging Process is not completed expected [true] but found [false]

Failure 1 of 1
verify.VerificationError: The Staging Process is not completed expected [true] but found [false]
	at org.testng.Assert.fail(Assert.java:94)
	at org.testng.Assert.failNotEquals(Assert.java:496)
	at org.testng.Assert.assertTrue(Assert.java:42)
	at verify.Verify.verifyTrue(Verify.java:28)
	at testscripts.PMS_GOS3_E2EScripts.OPT_Prescription_Complex_GOS3_PMS_01(PMS_GOS3_E2EScripts.java:5542)
	at sun.reflect.NativeMethodAccessorImpl.invoke0(Native Method)
	at sun.reflect.NativeMethodAccessorImpl.invoke(NativeMethodAccessorImpl.java:62)
	at sun.reflect.DelegatingMethodAccessorImpl.invoke(DelegatingMethodAccessorImpl.java:43)
	at java.lang.reflect.Method.invoke(Method.java:497)
	at org.testng.internal.MethodInvocationHelper.invokeMethod(MethodInvocationHelper.java:85)
	at org.testng.internal.Invoker.invokeMethod(Invoker.java:639)
	at org.testng.internal.Invoker.invokeTestMethod(Invoker.java:816)
	at org.testng.internal.Invoker.invokeTestMethods(Invoker.java:1124)
	at org.testng.internal.TestMethodWorker.invokeTestMethods(TestMethodWorker.java:125)
	at org.testng.internal.TestMethodWorker.run(TestMethodWorker.java:108)
	at org.testng.TestRunner.privateRun(TestRunner.java:774)
	at org.testng.TestRunner.run(TestRunner.java:624)
	at org.testng.SuiteRunner.runTest(SuiteRunner.java:359)
	at org.testng.SuiteRunner.runSequentially(SuiteRunner.java:354)
	at org.testng.SuiteRunner.privateRun(SuiteRunner.java:312)
	at org.testng.SuiteRunner.run(SuiteRunner.java:261)
	at org.testng.SuiteRunnerWorker.runSuite(SuiteRunnerWorker.java:52)
	at org.testng.SuiteRunnerWorker.run(SuiteRunnerWorker.java:86)
	at org.testng.TestNG.runSuitesSequentially(TestNG.java:1215)
	at org.testng.TestNG.runSuitesLocally(TestNG.java:1140)
	at org.testng.TestNG.run(TestNG.java:1048)
	at org.testng.remote.AbstractRemoteTestNG.run(AbstractRemoteTestNG.java:132)
	at org.testng.remote.RemoteTestNG.initAndRun(RemoteTestNG.java:230)
	at org.testng.remote.RemoteTestNG.main(RemoteTestNG.java:76)
]]>
    </error>
  </testcase> <!-- OPT_Prescription_Complex_GOS3_PMS_01 -->
  <testcase name="OPT_Prescription_Complex_GOS3_PMS_16" time="25.947" classname="testscripts.PMS_GOS3_E2EScripts">
    <error type="java.lang.Throwable" message="Steps Failed (1)
(1)verify.VerificationError:The Staging Process is not completed expected [true] but found [false]

Failure 1 of 1
verify.VerificationError: The Staging Process is not completed expected [true] but found [false]">
      <![CDATA[java.lang.Throwable: Steps Failed (1)
(1)verify.VerificationError:The Staging Process is not completed expected [true] but found [false]

Failure 1 of 1
verify.VerificationError: The Staging Process is not completed expected [true] but found [false]
	at org.testng.Assert.fail(Assert.java:94)
	at org.testng.Assert.failNotEquals(Assert.java:496)
	at org.testng.Assert.assertTrue(Assert.java:42)
	at verify.Verify.verifyTrue(Verify.java:28)
	at testscripts.PMS_GOS3_E2EScripts.OPT_Prescription_Complex_GOS3_PMS_16(PMS_GOS3_E2EScripts.java:7267)
	at sun.reflect.NativeMethodAccessorImpl.invoke0(Native Method)
	at sun.reflect.NativeMethodAccessorImpl.invoke(NativeMethodAccessorImpl.java:62)
	at sun.reflect.DelegatingMethodAccessorImpl.invoke(DelegatingMethodAccessorImpl.java:43)
	at java.lang.reflect.Method.invoke(Method.java:497)
	at org.testng.internal.MethodInvocationHelper.invokeMethod(MethodInvocationHelper.java:85)
	at org.testng.internal.Invoker.invokeMethod(Invoker.java:639)
	at org.testng.internal.Invoker.invokeTestMethod(Invoker.java:816)
	at org.testng.internal.Invoker.invokeTestMethods(Invoker.java:1124)
	at org.testng.internal.TestMethodWorker.invokeTestMethods(TestMethodWorker.java:125)
	at org.testng.internal.TestMethodWorker.run(TestMethodWorker.java:108)
	at org.testng.TestRunner.privateRun(TestRunner.java:774)
	at org.testng.TestRunner.run(TestRunner.java:624)
	at org.testng.SuiteRunner.runTest(SuiteRunner.java:359)
	at org.testng.SuiteRunner.runSequentially(SuiteRunner.java:354)
	at org.testng.SuiteRunner.privateRun(SuiteRunner.java:312)
	at org.testng.SuiteRunner.run(SuiteRunner.java:261)
	at org.testng.SuiteRunnerWorker.runSuite(SuiteRunnerWorker.java:52)
	at org.testng.SuiteRunnerWorker.run(SuiteRunnerWorker.java:86)
	at org.testng.TestNG.runSuitesSequentially(TestNG.java:1215)
	at org.testng.TestNG.runSuitesLocally(TestNG.java:1140)
	at org.testng.TestNG.run(TestNG.java:1048)
	at org.testng.remote.AbstractRemoteTestNG.run(AbstractRemoteTestNG.java:132)
	at org.testng.remote.RemoteTestNG.initAndRun(RemoteTestNG.java:230)
	at org.testng.remote.RemoteTestNG.main(RemoteTestNG.java:76)
]]>
    </error>
  </testcase> <!-- OPT_Prescription_Complex_GOS3_PMS_16 -->
  <testcase name="OPT_WOP_Prescription_GOS3_PMS_12_8" time="29.669" classname="testscripts.PMS_GOS3_E2EScripts">
    <error type="java.lang.Throwable" message="Steps Failed (1)
(1)verify.VerificationError:The Staging Process is not completed expected [true] but found [false]

Failure 1 of 1
verify.VerificationError: The Staging Process is not completed expected [true] but found [false]">
      <![CDATA[java.lang.Throwable: Steps Failed (1)
(1)verify.VerificationError:The Staging Process is not completed expected [true] but found [false]

Failure 1 of 1
verify.VerificationError: The Staging Process is not completed expected [true] but found [false]
	at org.testng.Assert.fail(Assert.java:94)
	at org.testng.Assert.failNotEquals(Assert.java:496)
	at org.testng.Assert.assertTrue(Assert.java:42)
	at verify.Verify.verifyTrue(Verify.java:28)
	at testscripts.PMS_GOS3_E2EScripts.OPT_WOP_Prescription_GOS3_PMS_12_8(PMS_GOS3_E2EScripts.java:2207)
	at sun.reflect.NativeMethodAccessorImpl.invoke0(Native Method)
	at sun.reflect.NativeMethodAccessorImpl.invoke(NativeMethodAccessorImpl.java:62)
	at sun.reflect.DelegatingMethodAccessorImpl.invoke(DelegatingMethodAccessorImpl.java:43)
	at java.lang.reflect.Method.invoke(Method.java:497)
	at org.testng.internal.MethodInvocationHelper.invokeMethod(MethodInvocationHelper.java:85)
	at org.testng.internal.Invoker.invokeMethod(Invoker.java:639)
	at org.testng.internal.Invoker.invokeTestMethod(Invoker.java:816)
	at org.testng.internal.Invoker.invokeTestMethods(Invoker.java:1124)
	at org.testng.internal.TestMethodWorker.invokeTestMethods(TestMethodWorker.java:125)
	at org.testng.internal.TestMethodWorker.run(TestMethodWorker.java:108)
	at org.testng.TestRunner.privateRun(TestRunner.java:774)
	at org.testng.TestRunner.run(TestRunner.java:624)
	at org.testng.SuiteRunner.runTest(SuiteRunner.java:359)
	at org.testng.SuiteRunner.runSequentially(SuiteRunner.java:354)
	at org.testng.SuiteRunner.privateRun(SuiteRunner.java:312)
	at org.testng.SuiteRunner.run(SuiteRunner.java:261)
	at org.testng.SuiteRunnerWorker.runSuite(SuiteRunnerWorker.java:52)
	at org.testng.SuiteRunnerWorker.run(SuiteRunnerWorker.java:86)
	at org.testng.TestNG.runSuitesSequentially(TestNG.java:1215)
	at org.testng.TestNG.runSuitesLocally(TestNG.java:1140)
	at org.testng.TestNG.run(TestNG.java:1048)
	at org.testng.remote.AbstractRemoteTestNG.run(AbstractRemoteTestNG.java:132)
	at org.testng.remote.RemoteTestNG.initAndRun(RemoteTestNG.java:230)
	at org.testng.remote.RemoteTestNG.main(RemoteTestNG.java:76)
]]>
    </error>
  </testcase> <!-- OPT_WOP_Prescription_GOS3_PMS_12_8 -->
  <testcase name="OPT_WOP_Prescription_GOS3_PMS_12_6" time="27.077" classname="testscripts.PMS_GOS3_E2EScripts">
    <error type="java.lang.Throwable" message="Steps Failed (1)
(1)verify.VerificationError:The Staging Process is not completed expected [true] but found [false]

Failure 1 of 1
verify.VerificationError: The Staging Process is not completed expected [true] but found [false]">
      <![CDATA[java.lang.Throwable: Steps Failed (1)
(1)verify.VerificationError:The Staging Process is not completed expected [true] but found [false]

Failure 1 of 1
verify.VerificationError: The Staging Process is not completed expected [true] but found [false]
	at org.testng.Assert.fail(Assert.java:94)
	at org.testng.Assert.failNotEquals(Assert.java:496)
	at org.testng.Assert.assertTrue(Assert.java:42)
	at verify.Verify.verifyTrue(Verify.java:28)
	at testscripts.PMS_GOS3_E2EScripts.OPT_WOP_Prescription_GOS3_PMS_12_6(PMS_GOS3_E2EScripts.java:1977)
	at sun.reflect.NativeMethodAccessorImpl.invoke0(Native Method)
	at sun.reflect.NativeMethodAccessorImpl.invoke(NativeMethodAccessorImpl.java:62)
	at sun.reflect.DelegatingMethodAccessorImpl.invoke(DelegatingMethodAccessorImpl.java:43)
	at java.lang.reflect.Method.invoke(Method.java:497)
	at org.testng.internal.MethodInvocationHelper.invokeMethod(MethodInvocationHelper.java:85)
	at org.testng.internal.Invoker.invokeMethod(Invoker.java:639)
	at org.testng.internal.Invoker.invokeTestMethod(Invoker.java:816)
	at org.testng.internal.Invoker.invokeTestMethods(Invoker.java:1124)
	at org.testng.internal.TestMethodWorker.invokeTestMethods(TestMethodWorker.java:125)
	at org.testng.internal.TestMethodWorker.run(TestMethodWorker.java:108)
	at org.testng.TestRunner.privateRun(TestRunner.java:774)
	at org.testng.TestRunner.run(TestRunner.java:624)
	at org.testng.SuiteRunner.runTest(SuiteRunner.java:359)
	at org.testng.SuiteRunner.runSequentially(SuiteRunner.java:354)
	at org.testng.SuiteRunner.privateRun(SuiteRunner.java:312)
	at org.testng.SuiteRunner.run(SuiteRunner.java:261)
	at org.testng.SuiteRunnerWorker.runSuite(SuiteRunnerWorker.java:52)
	at org.testng.SuiteRunnerWorker.run(SuiteRunnerWorker.java:86)
	at org.testng.TestNG.runSuitesSequentially(TestNG.java:1215)
	at org.testng.TestNG.runSuitesLocally(TestNG.java:1140)
	at org.testng.TestNG.run(TestNG.java:1048)
	at org.testng.remote.AbstractRemoteTestNG.run(AbstractRemoteTestNG.java:132)
	at org.testng.remote.RemoteTestNG.initAndRun(RemoteTestNG.java:230)
	at org.testng.remote.RemoteTestNG.main(RemoteTestNG.java:76)
]]>
    </error>
  </testcase> <!-- OPT_WOP_Prescription_GOS3_PMS_12_6 -->
  <testcase name="OPT_WOP_Prescription_GOS3_PMS_12_3" time="94.465" classname="testscripts.PMS_GOS3_E2EScripts"/>
  <testcase name="OPT_WOP_Prescription_GOS3_PMS_14_4" time="96.827" classname="testscripts.PMS_GOS3_E2EScripts"/>
  <testcase name="OPT_Prescription_Complex_GOS3_PMS_11" time="25.408" classname="testscripts.PMS_GOS3_E2EScripts">
    <error type="java.lang.Throwable" message="Steps Failed (1)
(1)verify.VerificationError:The Staging Process is not completed expected [true] but found [false]

Failure 1 of 1
verify.VerificationError: The Staging Process is not completed expected [true] but found [false]">
      <![CDATA[java.lang.Throwable: Steps Failed (1)
(1)verify.VerificationError:The Staging Process is not completed expected [true] but found [false]

Failure 1 of 1
verify.VerificationError: The Staging Process is not completed expected [true] but found [false]
	at org.testng.Assert.fail(Assert.java:94)
	at org.testng.Assert.failNotEquals(Assert.java:496)
	at org.testng.Assert.assertTrue(Assert.java:42)
	at verify.Verify.verifyTrue(Verify.java:28)
	at testscripts.PMS_GOS3_E2EScripts.OPT_Prescription_Complex_GOS3_PMS_11(PMS_GOS3_E2EScripts.java:6692)
	at sun.reflect.NativeMethodAccessorImpl.invoke0(Native Method)
	at sun.reflect.NativeMethodAccessorImpl.invoke(NativeMethodAccessorImpl.java:62)
	at sun.reflect.DelegatingMethodAccessorImpl.invoke(DelegatingMethodAccessorImpl.java:43)
	at java.lang.reflect.Method.invoke(Method.java:497)
	at org.testng.internal.MethodInvocationHelper.invokeMethod(MethodInvocationHelper.java:85)
	at org.testng.internal.Invoker.invokeMethod(Invoker.java:639)
	at org.testng.internal.Invoker.invokeTestMethod(Invoker.java:816)
	at org.testng.internal.Invoker.invokeTestMethods(Invoker.java:1124)
	at org.testng.internal.TestMethodWorker.invokeTestMethods(TestMethodWorker.java:125)
	at org.testng.internal.TestMethodWorker.run(TestMethodWorker.java:108)
	at org.testng.TestRunner.privateRun(TestRunner.java:774)
	at org.testng.TestRunner.run(TestRunner.java:624)
	at org.testng.SuiteRunner.runTest(SuiteRunner.java:359)
	at org.testng.SuiteRunner.runSequentially(SuiteRunner.java:354)
	at org.testng.SuiteRunner.privateRun(SuiteRunner.java:312)
	at org.testng.SuiteRunner.run(SuiteRunner.java:261)
	at org.testng.SuiteRunnerWorker.runSuite(SuiteRunnerWorker.java:52)
	at org.testng.SuiteRunnerWorker.run(SuiteRunnerWorker.java:86)
	at org.testng.TestNG.runSuitesSequentially(TestNG.java:1215)
	at org.testng.TestNG.runSuitesLocally(TestNG.java:1140)
	at org.testng.TestNG.run(TestNG.java:1048)
	at org.testng.remote.AbstractRemoteTestNG.run(AbstractRemoteTestNG.java:132)
	at org.testng.remote.RemoteTestNG.initAndRun(RemoteTestNG.java:230)
	at org.testng.remote.RemoteTestNG.main(RemoteTestNG.java:76)
]]>
    </error>
  </testcase> <!-- OPT_Prescription_Complex_GOS3_PMS_11 -->
  <testcase name="OPT_WOP_Prescription_GOS3_PMS_12_4" time="101.940" classname="testscripts.PMS_GOS3_E2EScripts">
    <error type="java.lang.Throwable" message="Steps Failed (1)
(1)verify.VerificationError:Expected and Actual values are not matching. expected [true] but found [false]

Failure 1 of 1
verify.VerificationError: Expected and Actual values are not matching. expected [true] but found [false]">
      <![CDATA[java.lang.Throwable: Steps Failed (1)
(1)verify.VerificationError:Expected and Actual values are not matching. expected [true] but found [false]

Failure 1 of 1
verify.VerificationError: Expected and Actual values are not matching. expected [true] but found [false]
	at org.testng.Assert.fail(Assert.java:94)
	at org.testng.Assert.failNotEquals(Assert.java:496)
	at org.testng.Assert.assertTrue(Assert.java:42)
	at verify.Verify.verifyTrue(Verify.java:28)
	at testscripts.PMS_GOS3_E2EScripts.OPT_WOP_Prescription_GOS3_PMS_12_4(PMS_GOS3_E2EScripts.java:1726)
	at sun.reflect.NativeMethodAccessorImpl.invoke0(Native Method)
	at sun.reflect.NativeMethodAccessorImpl.invoke(NativeMethodAccessorImpl.java:62)
	at sun.reflect.DelegatingMethodAccessorImpl.invoke(DelegatingMethodAccessorImpl.java:43)
	at java.lang.reflect.Method.invoke(Method.java:497)
	at org.testng.internal.MethodInvocationHelper.invokeMethod(MethodInvocationHelper.java:85)
	at org.testng.internal.Invoker.invokeMethod(Invoker.java:639)
	at org.testng.internal.Invoker.invokeTestMethod(Invoker.java:816)
	at org.testng.internal.Invoker.invokeTestMethods(Invoker.java:1124)
	at org.testng.internal.TestMethodWorker.invokeTestMethods(TestMethodWorker.java:125)
	at org.testng.internal.TestMethodWorker.run(TestMethodWorker.java:108)
	at org.testng.TestRunner.privateRun(TestRunner.java:774)
	at org.testng.TestRunner.run(TestRunner.java:624)
	at org.testng.SuiteRunner.runTest(SuiteRunner.java:359)
	at org.testng.SuiteRunner.runSequentially(SuiteRunner.java:354)
	at org.testng.SuiteRunner.privateRun(SuiteRunner.java:312)
	at org.testng.SuiteRunner.run(SuiteRunner.java:261)
	at org.testng.SuiteRunnerWorker.runSuite(SuiteRunnerWorker.java:52)
	at org.testng.SuiteRunnerWorker.run(SuiteRunnerWorker.java:86)
	at org.testng.TestNG.runSuitesSequentially(TestNG.java:1215)
	at org.testng.TestNG.runSuitesLocally(TestNG.java:1140)
	at org.testng.TestNG.run(TestNG.java:1048)
	at org.testng.remote.AbstractRemoteTestNG.run(AbstractRemoteTestNG.java:132)
	at org.testng.remote.RemoteTestNG.initAndRun(RemoteTestNG.java:230)
	at org.testng.remote.RemoteTestNG.main(RemoteTestNG.java:76)
]]>
    </error>
  </testcase> <!-- OPT_WOP_Prescription_GOS3_PMS_12_4 -->
  <testcase name="OPT_Prescription_Complex_GOS3_PMS_03" time="26.379" classname="testscripts.PMS_GOS3_E2EScripts">
    <error type="java.lang.Throwable" message="Steps Failed (1)
(1)verify.VerificationError:The Staging Process is not completed expected [true] but found [false]

Failure 1 of 1
verify.VerificationError: The Staging Process is not completed expected [true] but found [false]">
      <![CDATA[java.lang.Throwable: Steps Failed (1)
(1)verify.VerificationError:The Staging Process is not completed expected [true] but found [false]

Failure 1 of 1
verify.VerificationError: The Staging Process is not completed expected [true] but found [false]
	at org.testng.Assert.fail(Assert.java:94)
	at org.testng.Assert.failNotEquals(Assert.java:496)
	at org.testng.Assert.assertTrue(Assert.java:42)
	at verify.Verify.verifyTrue(Verify.java:28)
	at testscripts.PMS_GOS3_E2EScripts.OPT_Prescription_Complex_GOS3_PMS_03(PMS_GOS3_E2EScripts.java:5772)
	at sun.reflect.NativeMethodAccessorImpl.invoke0(Native Method)
	at sun.reflect.NativeMethodAccessorImpl.invoke(NativeMethodAccessorImpl.java:62)
	at sun.reflect.DelegatingMethodAccessorImpl.invoke(DelegatingMethodAccessorImpl.java:43)
	at java.lang.reflect.Method.invoke(Method.java:497)
	at org.testng.internal.MethodInvocationHelper.invokeMethod(MethodInvocationHelper.java:85)
	at org.testng.internal.Invoker.invokeMethod(Invoker.java:639)
	at org.testng.internal.Invoker.invokeTestMethod(Invoker.java:816)
	at org.testng.internal.Invoker.invokeTestMethods(Invoker.java:1124)
	at org.testng.internal.TestMethodWorker.invokeTestMethods(TestMethodWorker.java:125)
	at org.testng.internal.TestMethodWorker.run(TestMethodWorker.java:108)
	at org.testng.TestRunner.privateRun(TestRunner.java:774)
	at org.testng.TestRunner.run(TestRunner.java:624)
	at org.testng.SuiteRunner.runTest(SuiteRunner.java:359)
	at org.testng.SuiteRunner.runSequentially(SuiteRunner.java:354)
	at org.testng.SuiteRunner.privateRun(SuiteRunner.java:312)
	at org.testng.SuiteRunner.run(SuiteRunner.java:261)
	at org.testng.SuiteRunnerWorker.runSuite(SuiteRunnerWorker.java:52)
	at org.testng.SuiteRunnerWorker.run(SuiteRunnerWorker.java:86)
	at org.testng.TestNG.runSuitesSequentially(TestNG.java:1215)
	at org.testng.TestNG.runSuitesLocally(TestNG.java:1140)
	at org.testng.TestNG.run(TestNG.java:1048)
	at org.testng.remote.AbstractRemoteTestNG.run(AbstractRemoteTestNG.java:132)
	at org.testng.remote.RemoteTestNG.initAndRun(RemoteTestNG.java:230)
	at org.testng.remote.RemoteTestNG.main(RemoteTestNG.java:76)
]]>
    </error>
  </testcase> <!-- OPT_Prescription_Complex_GOS3_PMS_03 -->
  <testcase name="OPT_WOP_Prescription_GOS3_PMS_11_7" time="28.796" classname="testscripts.PMS_GOS3_E2EScripts">
    <error type="java.lang.Throwable" message="Steps Failed (1)
(1)verify.VerificationError:The Staging Process is not completed expected [true] but found [false]

Failure 1 of 1
verify.VerificationError: The Staging Process is not completed expected [true] but found [false]">
      <![CDATA[java.lang.Throwable: Steps Failed (1)
(1)verify.VerificationError:The Staging Process is not completed expected [true] but found [false]

Failure 1 of 1
verify.VerificationError: The Staging Process is not completed expected [true] but found [false]
	at org.testng.Assert.fail(Assert.java:94)
	at org.testng.Assert.failNotEquals(Assert.java:496)
	at org.testng.Assert.assertTrue(Assert.java:42)
	at verify.Verify.verifyTrue(Verify.java:28)
	at testscripts.PMS_GOS3_E2EScripts.OPT_WOP_Prescription_GOS3_PMS_11_7(PMS_GOS3_E2EScripts.java:827)
	at sun.reflect.NativeMethodAccessorImpl.invoke0(Native Method)
	at sun.reflect.NativeMethodAccessorImpl.invoke(NativeMethodAccessorImpl.java:62)
	at sun.reflect.DelegatingMethodAccessorImpl.invoke(DelegatingMethodAccessorImpl.java:43)
	at java.lang.reflect.Method.invoke(Method.java:497)
	at org.testng.internal.MethodInvocationHelper.invokeMethod(MethodInvocationHelper.java:85)
	at org.testng.internal.Invoker.invokeMethod(Invoker.java:639)
	at org.testng.internal.Invoker.invokeTestMethod(Invoker.java:816)
	at org.testng.internal.Invoker.invokeTestMethods(Invoker.java:1124)
	at org.testng.internal.TestMethodWorker.invokeTestMethods(TestMethodWorker.java:125)
	at org.testng.internal.TestMethodWorker.run(TestMethodWorker.java:108)
	at org.testng.TestRunner.privateRun(TestRunner.java:774)
	at org.testng.TestRunner.run(TestRunner.java:624)
	at org.testng.SuiteRunner.runTest(SuiteRunner.java:359)
	at org.testng.SuiteRunner.runSequentially(SuiteRunner.java:354)
	at org.testng.SuiteRunner.privateRun(SuiteRunner.java:312)
	at org.testng.SuiteRunner.run(SuiteRunner.java:261)
	at org.testng.SuiteRunnerWorker.runSuite(SuiteRunnerWorker.java:52)
	at org.testng.SuiteRunnerWorker.run(SuiteRunnerWorker.java:86)
	at org.testng.TestNG.runSuitesSequentially(TestNG.java:1215)
	at org.testng.TestNG.runSuitesLocally(TestNG.java:1140)
	at org.testng.TestNG.run(TestNG.java:1048)
	at org.testng.remote.AbstractRemoteTestNG.run(AbstractRemoteTestNG.java:132)
	at org.testng.remote.RemoteTestNG.initAndRun(RemoteTestNG.java:230)
	at org.testng.remote.RemoteTestNG.main(RemoteTestNG.java:76)
]]>
    </error>
  </testcase> <!-- OPT_WOP_Prescription_GOS3_PMS_11_7 -->
  <testcase name="OPT_Prescription_Complex_GOS3_PMS_18" time="58.562" classname="testscripts.PMS_GOS3_E2EScripts">
    <error type="java.lang.Throwable" message="Steps Failed (1)
(1)verify.VerificationError:The Staging Process is not completed expected [true] but found [false]

Failure 1 of 1
verify.VerificationError: The Staging Process is not completed expected [true] but found [false]">
      <![CDATA[java.lang.Throwable: Steps Failed (1)
(1)verify.VerificationError:The Staging Process is not completed expected [true] but found [false]

Failure 1 of 1
verify.VerificationError: The Staging Process is not completed expected [true] but found [false]
	at org.testng.Assert.fail(Assert.java:94)
	at org.testng.Assert.failNotEquals(Assert.java:496)
	at org.testng.Assert.assertTrue(Assert.java:42)
	at verify.Verify.verifyTrue(Verify.java:28)
	at testscripts.PMS_GOS3_E2EScripts.OPT_Prescription_Complex_GOS3_PMS_18(PMS_GOS3_E2EScripts.java:7497)
	at sun.reflect.NativeMethodAccessorImpl.invoke0(Native Method)
	at sun.reflect.NativeMethodAccessorImpl.invoke(NativeMethodAccessorImpl.java:62)
	at sun.reflect.DelegatingMethodAccessorImpl.invoke(DelegatingMethodAccessorImpl.java:43)
	at java.lang.reflect.Method.invoke(Method.java:497)
	at org.testng.internal.MethodInvocationHelper.invokeMethod(MethodInvocationHelper.java:85)
	at org.testng.internal.Invoker.invokeMethod(Invoker.java:639)
	at org.testng.internal.Invoker.invokeTestMethod(Invoker.java:816)
	at org.testng.internal.Invoker.invokeTestMethods(Invoker.java:1124)
	at org.testng.internal.TestMethodWorker.invokeTestMethods(TestMethodWorker.java:125)
	at org.testng.internal.TestMethodWorker.run(TestMethodWorker.java:108)
	at org.testng.TestRunner.privateRun(TestRunner.java:774)
	at org.testng.TestRunner.run(TestRunner.java:624)
	at org.testng.SuiteRunner.runTest(SuiteRunner.java:359)
	at org.testng.SuiteRunner.runSequentially(SuiteRunner.java:354)
	at org.testng.SuiteRunner.privateRun(SuiteRunner.java:312)
	at org.testng.SuiteRunner.run(SuiteRunner.java:261)
	at org.testng.SuiteRunnerWorker.runSuite(SuiteRunnerWorker.java:52)
	at org.testng.SuiteRunnerWorker.run(SuiteRunnerWorker.java:86)
	at org.testng.TestNG.runSuitesSequentially(TestNG.java:1215)
	at org.testng.TestNG.runSuitesLocally(TestNG.java:1140)
	at org.testng.TestNG.run(TestNG.java:1048)
	at org.testng.remote.AbstractRemoteTestNG.run(AbstractRemoteTestNG.java:132)
	at org.testng.remote.RemoteTestNG.initAndRun(RemoteTestNG.java:230)
	at org.testng.remote.RemoteTestNG.main(RemoteTestNG.java:76)
]]>
    </error>
  </testcase> <!-- OPT_Prescription_Complex_GOS3_PMS_18 -->
  <testcase name="OPT_WOP_Prescription_GOS3_PMS_12_13" time="107.056" classname="testscripts.PMS_GOS3_E2EScripts"/>
  <testcase name="OPT_Prescription_Complex_GOS3_PMS_22" time="61.193" classname="testscripts.PMS_GOS3_E2EScripts">
    <error type="java.lang.Throwable" message="Steps Failed (1)
(1)verify.VerificationError:The Staging Process is not completed expected [true] but found [false]

Failure 1 of 1
verify.VerificationError: The Staging Process is not completed expected [true] but found [false]">
      <![CDATA[java.lang.Throwable: Steps Failed (1)
(1)verify.VerificationError:The Staging Process is not completed expected [true] but found [false]

Failure 1 of 1
verify.VerificationError: The Staging Process is not completed expected [true] but found [false]
	at org.testng.Assert.fail(Assert.java:94)
	at org.testng.Assert.failNotEquals(Assert.java:496)
	at org.testng.Assert.assertTrue(Assert.java:42)
	at verify.Verify.verifyTrue(Verify.java:28)
	at testscripts.PMS_GOS3_E2EScripts.OPT_Prescription_Complex_GOS3_PMS_22(PMS_GOS3_E2EScripts.java:7957)
	at sun.reflect.NativeMethodAccessorImpl.invoke0(Native Method)
	at sun.reflect.NativeMethodAccessorImpl.invoke(NativeMethodAccessorImpl.java:62)
	at sun.reflect.DelegatingMethodAccessorImpl.invoke(DelegatingMethodAccessorImpl.java:43)
	at java.lang.reflect.Method.invoke(Method.java:497)
	at org.testng.internal.MethodInvocationHelper.invokeMethod(MethodInvocationHelper.java:85)
	at org.testng.internal.Invoker.invokeMethod(Invoker.java:639)
	at org.testng.internal.Invoker.invokeTestMethod(Invoker.java:816)
	at org.testng.internal.Invoker.invokeTestMethods(Invoker.java:1124)
	at org.testng.internal.TestMethodWorker.invokeTestMethods(TestMethodWorker.java:125)
	at org.testng.internal.TestMethodWorker.run(TestMethodWorker.java:108)
	at org.testng.TestRunner.privateRun(TestRunner.java:774)
	at org.testng.TestRunner.run(TestRunner.java:624)
	at org.testng.SuiteRunner.runTest(SuiteRunner.java:359)
	at org.testng.SuiteRunner.runSequentially(SuiteRunner.java:354)
	at org.testng.SuiteRunner.privateRun(SuiteRunner.java:312)
	at org.testng.SuiteRunner.run(SuiteRunner.java:261)
	at org.testng.SuiteRunnerWorker.runSuite(SuiteRunnerWorker.java:52)
	at org.testng.SuiteRunnerWorker.run(SuiteRunnerWorker.java:86)
	at org.testng.TestNG.runSuitesSequentially(TestNG.java:1215)
	at org.testng.TestNG.runSuitesLocally(TestNG.java:1140)
	at org.testng.TestNG.run(TestNG.java:1048)
	at org.testng.remote.AbstractRemoteTestNG.run(AbstractRemoteTestNG.java:132)
	at org.testng.remote.RemoteTestNG.initAndRun(RemoteTestNG.java:230)
	at org.testng.remote.RemoteTestNG.main(RemoteTestNG.java:76)
]]>
    </error>
  </testcase> <!-- OPT_Prescription_Complex_GOS3_PMS_22 -->
  <testcase name="OPT_WOP_Prescription_GOS3_PMS_15_3" time="103.692" classname="testscripts.PMS_GOS3_E2EScripts"/>
  <testcase name="OPT_WOP_Prescription_GOS3_PMS_16_4" time="100.268" classname="testscripts.PMS_GOS3_E2EScripts"/>
  <testcase name="OPT_WOP_Prescription_GOS3_PMS_13_4" time="94.763" classname="testscripts.PMS_GOS3_E2EScripts">
    <error type="java.lang.Throwable" message="Steps Failed (1)
(1)verify.VerificationError:Expected and Actual values are not matching. expected [true] but found [false]

Failure 1 of 1
verify.VerificationError: Expected and Actual values are not matching. expected [true] but found [false]">
      <![CDATA[java.lang.Throwable: Steps Failed (1)
(1)verify.VerificationError:Expected and Actual values are not matching. expected [true] but found [false]

Failure 1 of 1
verify.VerificationError: Expected and Actual values are not matching. expected [true] but found [false]
	at org.testng.Assert.fail(Assert.java:94)
	at org.testng.Assert.failNotEquals(Assert.java:496)
	at org.testng.Assert.assertTrue(Assert.java:42)
	at verify.Verify.verifyTrue(Verify.java:28)
	at testscripts.PMS_GOS3_E2EScripts.OPT_WOP_Prescription_GOS3_PMS_13_4(PMS_GOS3_E2EScripts.java:3566)
	at sun.reflect.NativeMethodAccessorImpl.invoke0(Native Method)
	at sun.reflect.NativeMethodAccessorImpl.invoke(NativeMethodAccessorImpl.java:62)
	at sun.reflect.DelegatingMethodAccessorImpl.invoke(DelegatingMethodAccessorImpl.java:43)
	at java.lang.reflect.Method.invoke(Method.java:497)
	at org.testng.internal.MethodInvocationHelper.invokeMethod(MethodInvocationHelper.java:85)
	at org.testng.internal.Invoker.invokeMethod(Invoker.java:639)
	at org.testng.internal.Invoker.invokeTestMethod(Invoker.java:816)
	at org.testng.internal.Invoker.invokeTestMethods(Invoker.java:1124)
	at org.testng.internal.TestMethodWorker.invokeTestMethods(TestMethodWorker.java:125)
	at org.testng.internal.TestMethodWorker.run(TestMethodWorker.java:108)
	at org.testng.TestRunner.privateRun(TestRunner.java:774)
	at org.testng.TestRunner.run(TestRunner.java:624)
	at org.testng.SuiteRunner.runTest(SuiteRunner.java:359)
	at org.testng.SuiteRunner.runSequentially(SuiteRunner.java:354)
	at org.testng.SuiteRunner.privateRun(SuiteRunner.java:312)
	at org.testng.SuiteRunner.run(SuiteRunner.java:261)
	at org.testng.SuiteRunnerWorker.runSuite(SuiteRunnerWorker.java:52)
	at org.testng.SuiteRunnerWorker.run(SuiteRunnerWorker.java:86)
	at org.testng.TestNG.runSuitesSequentially(TestNG.java:1215)
	at org.testng.TestNG.runSuitesLocally(TestNG.java:1140)
	at org.testng.TestNG.run(TestNG.java:1048)
	at org.testng.remote.AbstractRemoteTestNG.run(AbstractRemoteTestNG.java:132)
	at org.testng.remote.RemoteTestNG.initAndRun(RemoteTestNG.java:230)
	at org.testng.remote.RemoteTestNG.main(RemoteTestNG.java:76)
]]>
    </error>
  </testcase> <!-- OPT_WOP_Prescription_GOS3_PMS_13_4 -->
  <testcase name="OPT_WOP_Prescription_GOS3_PMS_12_14" time="100.158" classname="testscripts.PMS_GOS3_E2EScripts"/>
  <testcase name="OPT_Prescription_Complex_GOS3_PMS_20" time="25.718" classname="testscripts.PMS_GOS3_E2EScripts">
    <error type="java.lang.Throwable" message="Steps Failed (1)
(1)verify.VerificationError:The Staging Process is not completed expected [true] but found [false]

Failure 1 of 1
verify.VerificationError: The Staging Process is not completed expected [true] but found [false]">
      <![CDATA[java.lang.Throwable: Steps Failed (1)
(1)verify.VerificationError:The Staging Process is not completed expected [true] but found [false]

Failure 1 of 1
verify.VerificationError: The Staging Process is not completed expected [true] but found [false]
	at org.testng.Assert.fail(Assert.java:94)
	at org.testng.Assert.failNotEquals(Assert.java:496)
	at org.testng.Assert.assertTrue(Assert.java:42)
	at verify.Verify.verifyTrue(Verify.java:28)
	at testscripts.PMS_GOS3_E2EScripts.OPT_Prescription_Complex_GOS3_PMS_20(PMS_GOS3_E2EScripts.java:7727)
	at sun.reflect.NativeMethodAccessorImpl.invoke0(Native Method)
	at sun.reflect.NativeMethodAccessorImpl.invoke(NativeMethodAccessorImpl.java:62)
	at sun.reflect.DelegatingMethodAccessorImpl.invoke(DelegatingMethodAccessorImpl.java:43)
	at java.lang.reflect.Method.invoke(Method.java:497)
	at org.testng.internal.MethodInvocationHelper.invokeMethod(MethodInvocationHelper.java:85)
	at org.testng.internal.Invoker.invokeMethod(Invoker.java:639)
	at org.testng.internal.Invoker.invokeTestMethod(Invoker.java:816)
	at org.testng.internal.Invoker.invokeTestMethods(Invoker.java:1124)
	at org.testng.internal.TestMethodWorker.invokeTestMethods(TestMethodWorker.java:125)
	at org.testng.internal.TestMethodWorker.run(TestMethodWorker.java:108)
	at org.testng.TestRunner.privateRun(TestRunner.java:774)
	at org.testng.TestRunner.run(TestRunner.java:624)
	at org.testng.SuiteRunner.runTest(SuiteRunner.java:359)
	at org.testng.SuiteRunner.runSequentially(SuiteRunner.java:354)
	at org.testng.SuiteRunner.privateRun(SuiteRunner.java:312)
	at org.testng.SuiteRunner.run(SuiteRunner.java:261)
	at org.testng.SuiteRunnerWorker.runSuite(SuiteRunnerWorker.java:52)
	at org.testng.SuiteRunnerWorker.run(SuiteRunnerWorker.java:86)
	at org.testng.TestNG.runSuitesSequentially(TestNG.java:1215)
	at org.testng.TestNG.runSuitesLocally(TestNG.java:1140)
	at org.testng.TestNG.run(TestNG.java:1048)
	at org.testng.remote.AbstractRemoteTestNG.run(AbstractRemoteTestNG.java:132)
	at org.testng.remote.RemoteTestNG.initAndRun(RemoteTestNG.java:230)
	at org.testng.remote.RemoteTestNG.main(RemoteTestNG.java:76)
]]>
    </error>
  </testcase> <!-- OPT_Prescription_Complex_GOS3_PMS_20 -->
  <testcase name="OPT_WOP_Prescription_GOS3_PMS_11_2" time="97.712" classname="testscripts.PMS_GOS3_E2EScripts"/>
  <testcase name="OPT_Prescription_Complex_GOS3_PMS_06" time="54.501" classname="testscripts.PMS_GOS3_E2EScripts">
    <error type="java.lang.Throwable" message="Steps Failed (1)
(1)verify.VerificationError:The Staging Process is not completed expected [true] but found [false]

Failure 1 of 1
verify.VerificationError: The Staging Process is not completed expected [true] but found [false]">
      <![CDATA[java.lang.Throwable: Steps Failed (1)
(1)verify.VerificationError:The Staging Process is not completed expected [true] but found [false]

Failure 1 of 1
verify.VerificationError: The Staging Process is not completed expected [true] but found [false]
	at org.testng.Assert.fail(Assert.java:94)
	at org.testng.Assert.failNotEquals(Assert.java:496)
	at org.testng.Assert.assertTrue(Assert.java:42)
	at verify.Verify.verifyTrue(Verify.java:28)
	at testscripts.PMS_GOS3_E2EScripts.OPT_Prescription_Complex_GOS3_PMS_06(PMS_GOS3_E2EScripts.java:6117)
	at sun.reflect.NativeMethodAccessorImpl.invoke0(Native Method)
	at sun.reflect.NativeMethodAccessorImpl.invoke(NativeMethodAccessorImpl.java:62)
	at sun.reflect.DelegatingMethodAccessorImpl.invoke(DelegatingMethodAccessorImpl.java:43)
	at java.lang.reflect.Method.invoke(Method.java:497)
	at org.testng.internal.MethodInvocationHelper.invokeMethod(MethodInvocationHelper.java:85)
	at org.testng.internal.Invoker.invokeMethod(Invoker.java:639)
	at org.testng.internal.Invoker.invokeTestMethod(Invoker.java:816)
	at org.testng.internal.Invoker.invokeTestMethods(Invoker.java:1124)
	at org.testng.internal.TestMethodWorker.invokeTestMethods(TestMethodWorker.java:125)
	at org.testng.internal.TestMethodWorker.run(TestMethodWorker.java:108)
	at org.testng.TestRunner.privateRun(TestRunner.java:774)
	at org.testng.TestRunner.run(TestRunner.java:624)
	at org.testng.SuiteRunner.runTest(SuiteRunner.java:359)
	at org.testng.SuiteRunner.runSequentially(SuiteRunner.java:354)
	at org.testng.SuiteRunner.privateRun(SuiteRunner.java:312)
	at org.testng.SuiteRunner.run(SuiteRunner.java:261)
	at org.testng.SuiteRunnerWorker.runSuite(SuiteRunnerWorker.java:52)
	at org.testng.SuiteRunnerWorker.run(SuiteRunnerWorker.java:86)
	at org.testng.TestNG.runSuitesSequentially(TestNG.java:1215)
	at org.testng.TestNG.runSuitesLocally(TestNG.java:1140)
	at org.testng.TestNG.run(TestNG.java:1048)
	at org.testng.remote.AbstractRemoteTestNG.run(AbstractRemoteTestNG.java:132)
	at org.testng.remote.RemoteTestNG.initAndRun(RemoteTestNG.java:230)
	at org.testng.remote.RemoteTestNG.main(RemoteTestNG.java:76)
]]>
    </error>
  </testcase> <!-- OPT_Prescription_Complex_GOS3_PMS_06 -->
  <testcase name="OPT_WOP_Prescription_GOS3_PMS_11_11" time="27.009" classname="testscripts.PMS_GOS3_E2EScripts">
    <error type="java.lang.Throwable" message="Steps Failed (1)
(1)verify.VerificationError:The Staging Process is not completed expected [true] but found [false]

Failure 1 of 1
verify.VerificationError: The Staging Process is not completed expected [true] but found [false]">
      <![CDATA[java.lang.Throwable: Steps Failed (1)
(1)verify.VerificationError:The Staging Process is not completed expected [true] but found [false]

Failure 1 of 1
verify.VerificationError: The Staging Process is not completed expected [true] but found [false]
	at org.testng.Assert.fail(Assert.java:94)
	at org.testng.Assert.failNotEquals(Assert.java:496)
	at org.testng.Assert.assertTrue(Assert.java:42)
	at verify.Verify.verifyTrue(Verify.java:28)
	at testscripts.PMS_GOS3_E2EScripts.OPT_WOP_Prescription_GOS3_PMS_11_11(PMS_GOS3_E2EScripts.java:1287)
	at sun.reflect.NativeMethodAccessorImpl.invoke0(Native Method)
	at sun.reflect.NativeMethodAccessorImpl.invoke(NativeMethodAccessorImpl.java:62)
	at sun.reflect.DelegatingMethodAccessorImpl.invoke(DelegatingMethodAccessorImpl.java:43)
	at java.lang.reflect.Method.invoke(Method.java:497)
	at org.testng.internal.MethodInvocationHelper.invokeMethod(MethodInvocationHelper.java:85)
	at org.testng.internal.Invoker.invokeMethod(Invoker.java:639)
	at org.testng.internal.Invoker.invokeTestMethod(Invoker.java:816)
	at org.testng.internal.Invoker.invokeTestMethods(Invoker.java:1124)
	at org.testng.internal.TestMethodWorker.invokeTestMethods(TestMethodWorker.java:125)
	at org.testng.internal.TestMethodWorker.run(TestMethodWorker.java:108)
	at org.testng.TestRunner.privateRun(TestRunner.java:774)
	at org.testng.TestRunner.run(TestRunner.java:624)
	at org.testng.SuiteRunner.runTest(SuiteRunner.java:359)
	at org.testng.SuiteRunner.runSequentially(SuiteRunner.java:354)
	at org.testng.SuiteRunner.privateRun(SuiteRunner.java:312)
	at org.testng.SuiteRunner.run(SuiteRunner.java:261)
	at org.testng.SuiteRunnerWorker.runSuite(SuiteRunnerWorker.java:52)
	at org.testng.SuiteRunnerWorker.run(SuiteRunnerWorker.java:86)
	at org.testng.TestNG.runSuitesSequentially(TestNG.java:1215)
	at org.testng.TestNG.runSuitesLocally(TestNG.java:1140)
	at org.testng.TestNG.run(TestNG.java:1048)
	at org.testng.remote.AbstractRemoteTestNG.run(AbstractRemoteTestNG.java:132)
	at org.testng.remote.RemoteTestNG.initAndRun(RemoteTestNG.java:230)
	at org.testng.remote.RemoteTestNG.main(RemoteTestNG.java:76)
]]>
    </error>
  </testcase> <!-- OPT_WOP_Prescription_GOS3_PMS_11_11 -->
  <testcase name="OPT_WOP_Prescription_GOS3_PMS_12_11" time="99.289" classname="testscripts.PMS_GOS3_E2EScripts"/>
  <testcase name="OPT_WOP_Prescription_GOS3_PMS_11_9" time="25.150" classname="testscripts.PMS_GOS3_E2EScripts">
    <error type="java.lang.Throwable" message="Steps Failed (1)
(1)verify.VerificationError:The Staging Process is not completed expected [true] but found [false]

Failure 1 of 1
verify.VerificationError: The Staging Process is not completed expected [true] but found [false]">
      <![CDATA[java.lang.Throwable: Steps Failed (1)
(1)verify.VerificationError:The Staging Process is not completed expected [true] but found [false]

Failure 1 of 1
verify.VerificationError: The Staging Process is not completed expected [true] but found [false]
	at org.testng.Assert.fail(Assert.java:94)
[...]
	at org.testng.internal.Invoker.invokeMethod(Invoker.java:639)
	at org.testng.internal.Invoker.invokeTestMethod(Invoker.java:816)
	at org.testng.internal.Invoker.invokeTestMethods(Invoker.java:1124)
	at org.testng.internal.TestMethodWorker.invokeTestMethods(TestMethodWorker.java:125)
	at org.testng.internal.TestMethodWorker.run(TestMethodWorker.java:108)
	at org.testng.TestRunner.privateRun(TestRunner.java:774)
	at org.testng.TestRunner.run(TestRunner.java:624)
	at org.testng.SuiteRunner.runTest(SuiteRunner.java:359)
	at org.testng.SuiteRunner.runSequentially(SuiteRunner.java:354)
	at org.testng.SuiteRunner.privateRun(SuiteRunner.java:312)
	at org.testng.SuiteRunner.run(SuiteRunner.java:261)
	at org.testng.SuiteRunnerWorker.runSuite(SuiteRunnerWorker.java:52)
	at org.testng.SuiteRunnerWorker.run(SuiteRunnerWorker.java:86)
	at org.testng.TestNG.runSuitesSequentially(TestNG.java:1215)
	at org.testng.TestNG.runSuitesLocally(TestNG.java:1140)
	at org.testng.TestNG.run(TestNG.java:1048)
	at org.testng.remote.AbstractRemoteTestNG.run(AbstractRemoteTestNG.java:132)
	at org.testng.remote.RemoteTestNG.initAndRun(RemoteTestNG.java:230)
	at org.testng.remote.RemoteTestNG.main(RemoteTestNG.java:76)
]]>
    </error>
  </testcase> <!-- OPT_WOP_Prescription_GOS3_PMS_11_10 -->
  <testcase name="OPT_WOP_Prescription_GOS3_PMS_12_2" time="72.923" classname="testscripts.PMS_GOS3_E2EScripts">
    <error type="java.lang.Throwable" message="Steps Failed (1)
(1)verify.VerificationError:Expected and Actual values are not matching. expected [true] but found [false]

Failure 1 of 1
verify.VerificationError: Expected and Actual values are not matching. expected [true] but found [false]">
      <![CDATA[java.lang.Throwable: Steps Failed (1)
(1)verify.VerificationError:Expected and Actual values are not matching. expected [true] but found [false]

Failure 1 of 1
verify.VerificationError: Expected and Actual values are not matching. expected [true] but found [false]
	at org.testng.Assert.fail(Assert.java:94)
	at org.testng.Assert.failNotEquals(Assert.java:496)
	at org.testng.Assert.assertTrue(Assert.java:42)
	at verify.Verify.verifyTrue(Verify.java:28)
	at testscripts.PMS_GOS3_E2EScripts.OPT_WOP_Prescription_GOS3_PMS_12_2(PMS_GOS3_E2EScripts.java:1496)
	at sun.reflect.NativeMethodAccessorImpl.invoke0(Native Method)
	at sun.reflect.NativeMethodAccessorImpl.invoke(NativeMethodAccessorImpl.java:62)
	at sun.reflect.DelegatingMethodAccessorImpl.invoke(DelegatingMethodAccessorImpl.java:43)
	at java.lang.reflect.Method.invoke(Method.java:497)
	at org.testng.internal.MethodInvocationHelper.invokeMethod(MethodInvocationHelper.java:85)
	at org.testng.internal.Invoker.invokeMethod(Invoker.java:639)
	at org.testng.internal.Invoker.invokeTestMethod(Invoker.java:816)
	at org.testng.internal.Invoker.invokeTestMethods(Invoker.java:1124)
	at org.testng.internal.TestMethodWorker.invokeTestMethods(TestMethodWorker.java:125)
	at org.testng.internal.TestMethodWorker.run(TestMethodWorker.java:108)
	at org.testng.TestRunner.privateRun(TestRunner.java:774)
	at org.testng.TestRunner.run(TestRunner.java:624)
	at org.testng.SuiteRunner.runTest(SuiteRunner.java:359)
	at org.testng.SuiteRunner.runSequentially(SuiteRunner.java:354)
	at org.testng.SuiteRunner.privateRun(SuiteRunner.java:312)
	at org.testng.SuiteRunner.run(SuiteRunner.java:261)
	at org.testng.SuiteRunnerWorker.runSuite(SuiteRunnerWorker.java:52)
	at org.testng.SuiteRunnerWorker.run(SuiteRunnerWorker.java:86)
	at org.testng.TestNG.runSuitesSequentially(TestNG.java:1215)
	at org.testng.TestNG.runSuitesLocally(TestNG.java:1140)
	at org.testng.TestNG.run(TestNG.java:1048)
	at org.testng.remote.AbstractRemoteTestNG.run(AbstractRemoteTestNG.java:132)
	at org.testng.remote.RemoteTestNG.initAndRun(RemoteTestNG.java:230)
	at org.testng.remote.RemoteTestNG.main(RemoteTestNG.java:76)
]]>
    </error>
  </testcase> <!-- OPT_WOP_Prescription_GOS3_PMS_12_2 -->
  <testcase name="OPT_WOP_Prescription_GOS3_PMS_12_16" time="100.821" classname="testscripts.PMS_GOS3_E2EScripts"/>
  <testcase name="OPT_WOP_Prescription_GOS3_PMS_13_2" time="102.151" classname="testscripts.PMS_GOS3_E2EScripts">
    <error type="java.lang.Throwable" message="Steps Failed (1)
(1)verify.VerificationError:Expected and Actual values are not matching. expected [true] but found [false]

Failure 1 of 1
verify.VerificationError: Expected and Actual values are not matching. expected [true] but found [false]">
      <![CDATA[java.lang.Throwable: Steps Failed (1)
(1)verify.VerificationError:Expected and Actual values are not matching. expected [true] but found [false]

Failure 1 of 1
verify.VerificationError: Expected and Actual values are not matching. expected [true] but found [false]
	at org.testng.Assert.fail(Assert.java:94)
	at org.testng.Assert.failNotEquals(Assert.java:496)
	at org.testng.Assert.assertTrue(Assert.java:42)
	at verify.Verify.verifyTrue(Verify.java:28)
	at testscripts.PMS_GOS3_E2EScripts.OPT_WOP_Prescription_GOS3_PMS_13_2(PMS_GOS3_E2EScripts.java:3336)
	at sun.reflect.NativeMethodAccessorImpl.invoke0(Native Method)
	at sun.reflect.NativeMethodAccessorImpl.invoke(NativeMethodAccessorImpl.java:62)
	at sun.reflect.DelegatingMethodAccessorImpl.invoke(DelegatingMethodAccessorImpl.java:43)
	at java.lang.reflect.Method.invoke(Method.java:497)
	at org.testng.internal.MethodInvocationHelper.invokeMethod(MethodInvocationHelper.java:85)
	at org.testng.internal.Invoker.invokeMethod(Invoker.java:639)
	at org.testng.internal.Invoker.invokeTestMethod(Invoker.java:816)
	at org.testng.internal.Invoker.invokeTestMethods(Invoker.java:1124)
	at org.testng.internal.TestMethodWorker.invokeTestMethods(TestMethodWorker.java:125)
	at org.testng.internal.TestMethodWorker.run(TestMethodWorker.java:108)
	at org.testng.TestRunner.privateRun(TestRunner.java:774)
	at org.testng.TestRunner.run(TestRunner.java:624)
	at org.testng.SuiteRunner.runTest(SuiteRunner.java:359)
	at org.testng.SuiteRunner.runSequentially(SuiteRunner.java:354)
	at org.testng.SuiteRunner.privateRun(SuiteRunner.java:312)
	at org.testng.SuiteRunner.run(SuiteRunner.java:261)
	at org.testng.SuiteRunnerWorker.runSuite(SuiteRunnerWorker.java:52)
	at org.testng.SuiteRunnerWorker.run(SuiteRunnerWorker.java:86)
	at org.testng.TestNG.runSuitesSequentially(TestNG.java:1215)
	at org.testng.TestNG.runSuitesLocally(TestNG.java:1140)
	at org.testng.TestNG.run(TestNG.java:1048)
	at org.testng.remote.AbstractRemoteTestNG.run(AbstractRemoteTestNG.java:132)
	at org.testng.remote.RemoteTestNG.initAndRun(RemoteTestNG.java:230)
	at org.testng.remote.RemoteTestNG.main(RemoteTestNG.java:76)
]]>
    </error>
  </testcase> <!-- OPT_WOP_Prescription_GOS3_PMS_13_2 -->
  <testcase name="OPT_Prescription_Complex_GOS3_PMS_08" time="25.453" classname="testscripts.PMS_GOS3_E2EScripts">
    <error type="java.lang.Throwable" message="Steps Failed (1)
(1)verify.VerificationError:The Staging Process is not completed expected [true] but found [false]

Failure 1 of 1
verify.VerificationError: The Staging Process is not completed expected [true] but found [false]">
      <![CDATA[java.lang.Throwable: Steps Failed (1)
(1)verify.VerificationError:The Staging Process is not completed expected [true] but found [false]

Failure 1 of 1
verify.VerificationError: The Staging Process is not completed expected [true] but found [false]
	at org.testng.Assert.fail(Assert.java:94)
	at org.testng.Assert.failNotEquals(Assert.java:496)
	at org.testng.Assert.assertTrue(Assert.java:42)
	at verify.Verify.verifyTrue(Verify.java:28)
	at testscripts.PMS_GOS3_E2EScripts.OPT_Prescription_Complex_GOS3_PMS_08(PMS_GOS3_E2EScripts.java:6347)
	at sun.reflect.NativeMethodAccessorImpl.invoke0(Native Method)
	at sun.reflect.NativeMethodAccessorImpl.invoke(NativeMethodAccessorImpl.java:62)
	at sun.reflect.DelegatingMethodAccessorImpl.invoke(DelegatingMethodAccessorImpl.java:43)
	at java.lang.reflect.Method.invoke(Method.java:497)
	at org.testng.internal.MethodInvocationHelper.invokeMethod(MethodInvocationHelper.java:85)
	at org.testng.internal.Invoker.invokeMethod(Invoker.java:639)
	at org.testng.internal.Invoker.invokeTestMethod(Invoker.java:816)
	at org.testng.internal.Invoker.invokeTestMethods(Invoker.java:1124)
	at org.testng.internal.TestMethodWorker.invokeTestMethods(TestMethodWorker.java:125)
	at org.testng.internal.TestMethodWorker.run(TestMethodWorker.java:108)
	at org.testng.TestRunner.privateRun(TestRunner.java:774)
	at org.testng.TestRunner.run(TestRunner.java:624)
	at org.testng.SuiteRunner.runTest(SuiteRunner.java:359)
	at org.testng.SuiteRunner.runSequentially(SuiteRunner.java:354)
	at org.testng.SuiteRunner.privateRun(SuiteRunner.java:312)
	at org.testng.SuiteRunner.run(SuiteRunner.java:261)
	at org.testng.SuiteRunnerWorker.runSuite(SuiteRunnerWorker.java:52)
	at org.testng.SuiteRunnerWorker.run(SuiteRunnerWorker.java:86)
	at org.testng.TestNG.runSuitesSequentially(TestNG.java:1215)
	at org.testng.TestNG.runSuitesLocally(TestNG.java:1140)
	at org.testng.TestNG.run(TestNG.java:1048)
	at org.testng.remote.AbstractRemoteTestNG.run(AbstractRemoteTestNG.java:132)
	at org.testng.remote.RemoteTestNG.initAndRun(RemoteTestNG.java:230)
	at org.testng.remote.RemoteTestNG.main(RemoteTestNG.java:76)
]]>
    </error>
  </testcase> <!-- OPT_Prescription_Complex_GOS3_PMS_08 -->
  <testcase name="OPT_WOP_Prescription_GOS3_PMS_11_6" time="97.239" classname="testscripts.PMS_GOS3_E2EScripts"/>
  <testcase name="OPT_WOP_Prescription_GOS3_PMS_13_3" time="25.533" classname="testscripts.PMS_GOS3_E2EScripts">
    <error type="java.lang.Throwable" message="Steps Failed (1)
(1)verify.VerificationError:The Staging Process is not completed expected [true] but found [false]

Failure 1 of 1
verify.VerificationError: The Staging Process is not completed expected [true] but found [false]">
      <![CDATA[java.lang.Throwable: Steps Failed (1)
(1)verify.VerificationError:The Staging Process is not completed expected [true] but found [false]

Failure 1 of 1
verify.VerificationError: The Staging Process is not completed expected [true] but found [false]
	at org.testng.Assert.fail(Assert.java:94)
	at org.testng.Assert.failNotEquals(Assert.java:496)
	at org.testng.Assert.assertTrue(Assert.java:42)
	at verify.Verify.verifyTrue(Verify.java:28)
	at testscripts.PMS_GOS3_E2EScripts.OPT_WOP_Prescription_GOS3_PMS_13_3(PMS_GOS3_E2EScripts.java:3472)
	at sun.reflect.NativeMethodAccessorImpl.invoke0(Native Method)
	at sun.reflect.NativeMethodAccessorImpl.invoke(NativeMethodAccessorImpl.java:62)
	at sun.reflect.DelegatingMethodAccessorImpl.invoke(DelegatingMethodAccessorImpl.java:43)
	at java.lang.reflect.Method.invoke(Method.java:497)
	at org.testng.internal.MethodInvocationHelper.invokeMethod(MethodInvocationHelper.java:85)
	at org.testng.internal.Invoker.invokeMethod(Invoker.java:639)
	at org.testng.internal.Invoker.invokeTestMethod(Invoker.java:816)
	at org.testng.internal.Invoker.invokeTestMethods(Invoker.java:1124)
	at org.testng.internal.TestMethodWorker.invokeTestMethods(TestMethodWorker.java:125)
	at org.testng.internal.TestMethodWorker.run(TestMethodWorker.java:108)
	at org.testng.TestRunner.privateRun(TestRunner.java:774)
	at org.testng.TestRunner.run(TestRunner.java:624)
	at org.testng.SuiteRunner.runTest(SuiteRunner.java:359)
	at org.testng.SuiteRunner.runSequentially(SuiteRunner.java:354)
	at org.testng.SuiteRunner.privateRun(SuiteRunner.java:312)
	at org.testng.SuiteRunner.run(SuiteRunner.java:261)
	at org.testng.SuiteRunnerWorker.runSuite(SuiteRunnerWorker.java:52)
	at org.testng.SuiteRunnerWorker.run(SuiteRunnerWorker.java:86)
	at org.testng.TestNG.runSuitesSequentially(TestNG.java:1215)
	at org.testng.TestNG.runSuitesLocally(TestNG.java:1140)
	at org.testng.TestNG.run(TestNG.java:1048)
	at org.testng.remote.AbstractRemoteTestNG.run(AbstractRemoteTestNG.java:132)
	at org.testng.remote.RemoteTestNG.initAndRun(RemoteTestNG.java:230)
	at org.testng.remote.RemoteTestNG.main(RemoteTestNG.java:76)
]]>
    </error>
  </testcase> <!-- OPT_WOP_Prescription_GOS3_PMS_13_3 -->
  <testcase name="OPT_Prescription_Complex_GOS3_PMS_12" time="25.565" classname="testscripts.PMS_GOS3_E2EScripts">
    <error type="java.lang.Throwable" message="Steps Failed (1)
(1)verify.VerificationError:The Staging Process is not completed expected [true] but found [false]

Failure 1 of 1
verify.VerificationError: The Staging Process is not completed expected [true] but found [false]">
      <![CDATA[java.lang.Throwable: Steps Failed (1)
(1)verify.VerificationError:The Staging Process is not completed expected [true] but found [false]

Failure 1 of 1
verify.VerificationError: The Staging Process is not completed expected [true] but found [false]
	at org.testng.Assert.fail(Assert.java:94)
	at org.testng.Assert.failNotEquals(Assert.java:496)
	at org.testng.Assert.assertTrue(Assert.java:42)
	at verify.Verify.verifyTrue(Verify.java:28)
	at testscripts.PMS_GOS3_E2EScripts.OPT_Prescription_Complex_GOS3_PMS_12(PMS_GOS3_E2EScripts.java:6807)
	at sun.reflect.NativeMethodAccessorImpl.invoke0(Native Method)
	at sun.reflect.NativeMethodAccessorImpl.invoke(NativeMethodAccessorImpl.java:62)
	at sun.reflect.DelegatingMethodAccessorImpl.invoke(DelegatingMethodAccessorImpl.java:43)
	at java.lang.reflect.Method.invoke(Method.java:497)
	at org.testng.internal.MethodInvocationHelper.invokeMethod(MethodInvocationHelper.java:85)
	at org.testng.internal.Invoker.invokeMethod(Invoker.java:639)
	at org.testng.internal.Invoker.invokeTestMethod(Invoker.java:816)
	at org.testng.internal.Invoker.invokeTestMethods(Invoker.java:1124)
	at org.testng.internal.TestMethodWorker.invokeTestMethods(TestMethodWorker.java:125)
	at org.testng.internal.TestMethodWorker.run(TestMethodWorker.java:108)
	at org.testng.TestRunner.privateRun(TestRunner.java:774)
	at org.testng.TestRunner.run(TestRunner.java:624)
	at org.testng.SuiteRunner.runTest(SuiteRunner.java:359)
	at org.testng.SuiteRunner.runSequentially(SuiteRunner.java:354)
	at org.testng.SuiteRunner.privateRun(SuiteRunner.java:312)
	at org.testng.SuiteRunner.run(SuiteRunner.java:261)
	at org.testng.SuiteRunnerWorker.runSuite(SuiteRunnerWorker.java:52)
	at org.testng.SuiteRunnerWorker.run(SuiteRunnerWorker.java:86)
	at org.testng.TestNG.runSuitesSequentially(TestNG.java:1215)
	at org.testng.TestNG.runSuitesLocally(TestNG.java:1140)
	at org.testng.TestNG.run(TestNG.java:1048)
	at org.testng.remote.AbstractRemoteTestNG.run(AbstractRemoteTestNG.java:132)
	at org.testng.remote.RemoteTestNG.initAndRun(RemoteTestNG.java:230)
	at org.testng.remote.RemoteTestNG.main(RemoteTestNG.java:76)
]]>
    </error>
  </testcase> <!-- OPT_Prescription_Complex_GOS3_PMS_12 -->
  <testcase name="OPT_Prescription_Complex_GOS3_PMS_21" time="95.709" classname="testscripts.PMS_GOS3_E2EScripts">
    <error type="java.lang.Throwable" message="Steps Failed (1)
(1)verify.VerificationError:Expected and Actual values are not matching. expected [true] but found [false]

Failure 1 of 1
verify.VerificationError: Expected and Actual values are not matching. expected [true] but found [false]">
      <![CDATA[java.lang.Throwable: Steps Failed (1)
(1)verify.VerificationError:Expected and Actual values are not matching. expected [true] but found [false]

Failure 1 of 1
verify.VerificationError: Expected and Actual values are not matching. expected [true] but found [false]
	at org.testng.Assert.fail(Assert.java:94)
	at org.testng.Assert.failNotEquals(Assert.java:496)
	at org.testng.Assert.assertTrue(Assert.java:42)
	at verify.Verify.verifyTrue(Verify.java:28)
	at testscripts.PMS_GOS3_E2EScripts.OPT_Prescription_Complex_GOS3_PMS_21(PMS_GOS3_E2EScripts.java:7821)
	at sun.reflect.NativeMethodAccessorImpl.invoke0(Native Method)
	at sun.reflect.NativeMethodAccessorImpl.invoke(NativeMethodAccessorImpl.java:62)
	at sun.reflect.DelegatingMethodAccessorImpl.invoke(DelegatingMethodAccessorImpl.java:43)
	at java.lang.reflect.Method.invoke(Method.java:497)
	at org.testng.internal.MethodInvocationHelper.invokeMethod(MethodInvocationHelper.java:85)
	at org.testng.internal.Invoker.invokeMethod(Invoker.java:639)
	at org.testng.internal.Invoker.invokeTestMethod(Invoker.java:816)
	at org.testng.internal.Invoker.invokeTestMethods(Invoker.java:1124)
	at org.testng.internal.TestMethodWorker.invokeTestMethods(TestMethodWorker.java:125)
	at org.testng.internal.TestMethodWorker.run(TestMethodWorker.java:108)
	at org.testng.TestRunner.privateRun(TestRunner.java:774)
	at org.testng.TestRunner.run(TestRunner.java:624)
	at org.testng.SuiteRunner.runTest(SuiteRunner.java:359)
	at org.testng.SuiteRunner.runSequentially(SuiteRunner.java:354)
	at org.testng.SuiteRunner.privateRun(SuiteRunner.java:312)
	at org.testng.SuiteRunner.run(SuiteRunner.java:261)
	at org.testng.SuiteRunnerWorker.runSuite(SuiteRunnerWorker.java:52)
	at org.testng.SuiteRunnerWorker.run(SuiteRunnerWorker.java:86)
	at org.testng.TestNG.runSuitesSequentially(TestNG.java:1215)
	at org.testng.TestNG.runSuitesLocally(TestNG.java:1140)
	at org.testng.TestNG.run(TestNG.java:1048)
	at org.testng.remote.AbstractRemoteTestNG.run(AbstractRemoteTestNG.java:132)
	at org.testng.remote.RemoteTestNG.initAndRun(RemoteTestNG.java:230)
	at org.testng.remote.RemoteTestNG.main(RemoteTestNG.java:76)
]]>
    </error>
  </testcase> <!-- OPT_Prescription_Complex_GOS3_PMS_21 -->
  <testcase name="OPT_WOP_Prescription_GOS3_PMS_16_7" time="96.113" classname="testscripts.PMS_GOS3_E2EScripts">
    <error type="java.lang.Throwable" message="Steps Failed (1)
(1)verify.VerificationError:Expected and Actual values are not matching. expected [true] but found [false]

Failure 1 of 1
verify.VerificationError: Expected and Actual values are not matching. expected [true] but found [false]">
      <![CDATA[java.lang.Throwable: Steps Failed (1)
(1)verify.VerificationError:Expected and Actual values are not matching. expected [true] but found [false]

Failure 1 of 1
verify.VerificationError: Expected and Actual values are not matching. expected [true] but found [false]
	at org.testng.Assert.fail(Assert.java:94)
	at org.testng.Assert.failNotEquals(Assert.java:496)
	at org.testng.Assert.assertTrue(Assert.java:42)
	at verify.Verify.verifyTrue(Verify.java:28)
	at testscripts.PMS_GOS3_E2EScripts.OPT_WOP_Prescription_GOS3_PMS_16_7(PMS_GOS3_E2EScripts.java:5291)
	at sun.reflect.NativeMethodAccessorImpl.invoke0(Native Method)
	at sun.reflect.NativeMethodAccessorImpl.invoke(NativeMethodAccessorImpl.java:62)
	at sun.reflect.DelegatingMethodAccessorImpl.invoke(DelegatingMethodAccessorImpl.java:43)
	at java.lang.reflect.Method.invoke(Method.java:497)
	at org.testng.internal.MethodInvocationHelper.invokeMethod(MethodInvocationHelper.java:85)
	at org.testng.internal.Invoker.invokeMethod(Invoker.java:639)
	at org.testng.internal.Invoker.invokeTestMethod(Invoker.java:816)
	at org.testng.internal.Invoker.invokeTestMethods(Invoker.java:1124)
	at org.testng.internal.TestMethodWorker.invokeTestMethods(TestMethodWorker.java:125)
	at org.testng.internal.TestMethodWorker.run(TestMethodWorker.java:108)
	at org.testng.TestRunner.privateRun(TestRunner.java:774)
	at org.testng.TestRunner.run(TestRunner.java:624)
	at org.testng.SuiteRunner.runTest(SuiteRunner.java:359)
	at org.testng.SuiteRunner.runSequentially(SuiteRunner.java:354)
	at org.testng.SuiteRunner.privateRun(SuiteRunner.java:312)
	at org.testng.SuiteRunner.run(SuiteRunner.java:261)
	at org.testng.SuiteRunnerWorker.runSuite(SuiteRunnerWorker.java:52)
	at org.testng.SuiteRunnerWorker.run(SuiteRunnerWorker.java:86)
	at org.testng.TestNG.runSuitesSequentially(TestNG.java:1215)
	at org.testng.TestNG.runSuitesLocally(TestNG.java:1140)
	at org.testng.TestNG.run(TestNG.java:1048)
	at org.testng.remote.AbstractRemoteTestNG.run(AbstractRemoteTestNG.java:132)
	at org.testng.remote.RemoteTestNG.initAndRun(RemoteTestNG.java:230)
	at org.testng.remote.RemoteTestNG.main(RemoteTestNG.java:76)
]]>
    </error>
  </testcase> <!-- OPT_WOP_Prescription_GOS3_PMS_16_7 -->
</testsuite> <!-- testscripts.PMS_GOS3_E2EScripts -->
