<?xml version="1.0" encoding="UTF-8"?>
<!-- Generated by org.testng.reporters.JUnitXMLReporter -->
<testsuite hostname="IND-MHPDW100323" name="Test on Chrome Second" tests="1" failures="1" timestamp="9 Jan 2019 12:54:04 GMT" time="903.011" errors="0">
  <testcase name="CreateApplication_MedicalList" time="897.287" classname="testscripts.PL_CreateApp_MedicalScripts">
    <failure type="java.lang.Throwable" message="Steps Failed (2)
(1)verify.VerificationError:The Expected Document is not loaded on Employment History  expected [true] but found [false]
(2)verify.VerificationError:The Employment History is not completed expected [true] but found [false]

Failure 1 of 2
verify.VerificationError: The Expected Document is not loaded on Employment History  expected [true] but found [false]
	at org.testng.Assert.fail(Assert.java:94)
	at org.testng.Assert.failNotEquals(Assert.java:496)
	at org.testng.Assert.assertTrue(Assert.java:42)
	at verify.Verify.verifyTrue(Verify.java:28)
	at testscripts.PL_CreateApp_MedicalScripts.CreateApplication_MedicalList(PL_CreateApp_MedicalScripts.java:609)
	at sun.reflect.NativeMethodAccessorImpl.invoke0(Native Method)
	at sun.reflect.NativeMethodAccessorImpl.invoke(NativeMethodAccessorImpl.java:62)
	at sun.reflect.DelegatingMethodAccessorImpl.invoke(DelegatingMethodAccessorImpl.java:43)
	at java.lang.reflect.Method.invoke(Method.java:497)
	at org.testng.internal.MethodInvocationHelper.invokeMethod(MethodInvocationHelper.java:85)
	at org.testng.internal.Invoker.invokeMethod(Invoker.java:639)
	at org.testng.internal.Invoker.invokeTestMethod(Invoker.java:816)
	at org.testng.internal.Invoker.invokeTestMethods(Invoker.java:1124)
	at org.testng.internal.TestMethodWorker.invokeTestMethods(TestMethodWorker.java:125)
	at org.testng.internal.TestMethodWorker.run(TestMethodWorker.java:108)
	at java.util.concurrent.ThreadPoolExecutor.runWorker(ThreadPoolExecutor.java:1142)
	at java.util.concurrent.ThreadPoolExecutor$Worker.run(ThreadPoolExecutor.java:617)
	at java.lang.Thread.run(Thread.java:745)

Failure 2 of 2
verify.VerificationError: The Employment History is not completed expected [true] but found [false]">
      <![CDATA[java.lang.Throwable: Steps Failed (2)
(1)verify.VerificationError:The Expected Document is not loaded on Employment History  expected [true] but found [false]
(2)verify.VerificationError:The Employment History is not completed expected [true] but found [false]

Failure 1 of 2
verify.VerificationError: The Expected Document is not loaded on Employment History  expected [true] but found [false]
	at verify.Verify.verifyTrue(Verify.java:28)
	at testscripts.PL_CreateApp_MedicalScripts.CreateApplication_MedicalList(PL_CreateApp_MedicalScripts.java:609)
	at java.util.concurrent.ThreadPoolExecutor.runWorker(ThreadPoolExecutor.java:1142)
	at java.util.concurrent.ThreadPoolExecutor$Worker.run(ThreadPoolExecutor.java:617)
	at java.lang.Thread.run(Thread.java:745)

Failure 2 of 2
verify.VerificationError: The Employment History is not completed expected [true] but found [false]
	at verify.Verify.verifyTrue(Verify.java:28)
	at testscripts.PL_CreateApp_MedicalScripts.CreateApplication_MedicalList(PL_CreateApp_MedicalScripts.java:624)
	at java.util.concurrent.ThreadPoolExecutor.runWorker(ThreadPoolExecutor.java:1142)
	at java.util.concurrent.ThreadPoolExecutor$Worker.run(ThreadPoolExecutor.java:617)
	at java.lang.Thread.run(Thread.java:745)
... Removed 26 stack frames]]>
    </failure>
  </testcase> <!-- CreateApplication_MedicalList -->
</testsuite> <!-- Test on Chrome Second -->
